C:\Program Files\Microsoft Visual Studio\2022\Community\MSBuild\Microsoft\VC\v170\Microsoft.CppBuild.targets(531,5): warning MSB8028: 중간 디렉터리(x64\Debug\)에 다른 프로젝트(DefaultWindow-DESKTOP-1TNSJRO.vcxproj)에서 공유하는 파일이 포함되어 있습니다.  이로 인해 잘못된 정리 및 다시 빌드 동작이 수행될 수 있습니다.
  CAchievment.cpp
C:\Users\rlatj\OneDrive\바탕 화면\수업\시연회\API_프레임워크_시연_테라리아_김성용\DefaultWindow\Define.h(60,2): warning C4091: 'typedef ': 변수를 선언하지 않으면 'Vector2D' 왼쪽은 무시됩니다.
  (소스 파일 '/CAchievment.cpp'을(를) 컴파일하는 중)
  
  CBmpMgr.cpp
C:\Users\rlatj\OneDrive\바탕 화면\수업\시연회\API_프레임워크_시연_테라리아_김성용\DefaultWindow\Define.h(60,2): warning C4091: 'typedef ': 변수를 선언하지 않으면 'Vector2D' 왼쪽은 무시됩니다.
  (소스 파일 '/CBmpMgr.cpp'을(를) 컴파일하는 중)
  
  CBomb.cpp
C:\Users\rlatj\OneDrive\바탕 화면\수업\시연회\API_프레임워크_시연_테라리아_김성용\DefaultWindow\Define.h(60,2): warning C4091: 'typedef ': 변수를 선언하지 않으면 'Vector2D' 왼쪽은 무시됩니다.
  (소스 파일 '/CBomb.cpp'을(를) 컴파일하는 중)
  
C:\Users\rlatj\OneDrive\바탕 화면\수업\시연회\API_프레임워크_시연_테라리아_김성용\DefaultWindow\CBomb.cpp(157,108): warning C4244: '인수': 'float'에서 'int'(으)로 변환하면서 데이터가 손실될 수 있습니다.
  (소스 파일 '/CBomb.cpp'을(를) 컴파일하는 중)
  
C:\Users\rlatj\OneDrive\바탕 화면\수업\시연회\API_프레임워크_시연_테라리아_김성용\DefaultWindow\CBomb.cpp(157,90): warning C4244: '인수': 'float'에서 'int'(으)로 변환하면서 데이터가 손실될 수 있습니다.
  (소스 파일 '/CBomb.cpp'을(를) 컴파일하는 중)
  
C:\Users\rlatj\OneDrive\바탕 화면\수업\시연회\API_프레임워크_시연_테라리아_김성용\DefaultWindow\CBomb.cpp(157,72): warning C4244: '인수': 'float'에서 'int'(으)로 변환하면서 데이터가 손실될 수 있습니다.
  (소스 파일 '/CBomb.cpp'을(를) 컴파일하는 중)
  
C:\Users\rlatj\OneDrive\바탕 화면\수업\시연회\API_프레임워크_시연_테라리아_김성용\DefaultWindow\CBomb.cpp(157,45): warning C4244: '인수': 'float'에서 'int'(으)로 변환하면서 데이터가 손실될 수 있습니다.
  (소스 파일 '/CBomb.cpp'을(를) 컴파일하는 중)
  
C:\Users\rlatj\OneDrive\바탕 화면\수업\시연회\API_프레임워크_시연_테라리아_김성용\DefaultWindow\CBomb.cpp(167,107): warning C4244: '인수': 'float'에서 'int'(으)로 변환하면서 데이터가 손실될 수 있습니다.
  (소스 파일 '/CBomb.cpp'을(를) 컴파일하는 중)
  
C:\Users\rlatj\OneDrive\바탕 화면\수업\시연회\API_프레임워크_시연_테라리아_김성용\DefaultWindow\CBomb.cpp(167,94): warning C4244: '인수': 'float'에서 'int'(으)로 변환하면서 데이터가 손실될 수 있습니다.
  (소스 파일 '/CBomb.cpp'을(를) 컴파일하는 중)
  
C:\Users\rlatj\OneDrive\바탕 화면\수업\시연회\API_프레임워크_시연_테라리아_김성용\DefaultWindow\CBomb.cpp(167,82): warning C4244: '인수': 'float'에서 'int'(으)로 변환하면서 데이터가 손실될 수 있습니다.
  (소스 파일 '/CBomb.cpp'을(를) 컴파일하는 중)
  
C:\Users\rlatj\OneDrive\바탕 화면\수업\시연회\API_프레임워크_시연_테라리아_김성용\DefaultWindow\CBomb.cpp(167,49): warning C4244: '인수': 'float'에서 'int'(으)로 변환하면서 데이터가 손실될 수 있습니다.
  (소스 파일 '/CBomb.cpp'을(를) 컴파일하는 중)
  
C:\Users\rlatj\OneDrive\바탕 화면\수업\시연회\API_프레임워크_시연_테라리아_김성용\DefaultWindow\CBomb.cpp(175,107): warning C4244: '인수': 'float'에서 'int'(으)로 변환하면서 데이터가 손실될 수 있습니다.
  (소스 파일 '/CBomb.cpp'을(를) 컴파일하는 중)
  
C:\Users\rlatj\OneDrive\바탕 화면\수업\시연회\API_프레임워크_시연_테라리아_김성용\DefaultWindow\CBomb.cpp(175,94): warning C4244: '인수': 'float'에서 'int'(으)로 변환하면서 데이터가 손실될 수 있습니다.
  (소스 파일 '/CBomb.cpp'을(를) 컴파일하는 중)
  
C:\Users\rlatj\OneDrive\바탕 화면\수업\시연회\API_프레임워크_시연_테라리아_김성용\DefaultWindow\CBomb.cpp(175,82): warning C4244: '인수': 'float'에서 'int'(으)로 변환하면서 데이터가 손실될 수 있습니다.
  (소스 파일 '/CBomb.cpp'을(를) 컴파일하는 중)
  
C:\Users\rlatj\OneDrive\바탕 화면\수업\시연회\API_프레임워크_시연_테라리아_김성용\DefaultWindow\CBomb.cpp(175,49): warning C4244: '인수': 'float'에서 'int'(으)로 변환하면서 데이터가 손실될 수 있습니다.
  (소스 파일 '/CBomb.cpp'을(를) 컴파일하는 중)
  
C:\Users\rlatj\OneDrive\바탕 화면\수업\시연회\API_프레임워크_시연_테라리아_김성용\DefaultWindow\CBomb.cpp(185,108): warning C4244: '인수': 'float'에서 'int'(으)로 변환하면서 데이터가 손실될 수 있습니다.
  (소스 파일 '/CBomb.cpp'을(를) 컴파일하는 중)
  
C:\Users\rlatj\OneDrive\바탕 화면\수업\시연회\API_프레임워크_시연_테라리아_김성용\DefaultWindow\CBomb.cpp(185,90): warning C4244: '인수': 'float'에서 'int'(으)로 변환하면서 데이터가 손실될 수 있습니다.
  (소스 파일 '/CBomb.cpp'을(를) 컴파일하는 중)
  
C:\Users\rlatj\OneDrive\바탕 화면\수업\시연회\API_프레임워크_시연_테라리아_김성용\DefaultWindow\CBomb.cpp(185,72): warning C4244: '인수': 'float'에서 'int'(으)로 변환하면서 데이터가 손실될 수 있습니다.
  (소스 파일 '/CBomb.cpp'을(를) 컴파일하는 중)
  
C:\Users\rlatj\OneDrive\바탕 화면\수업\시연회\API_프레임워크_시연_테라리아_김성용\DefaultWindow\CBomb.cpp(185,45): warning C4244: '인수': 'float'에서 'int'(으)로 변환하면서 데이터가 손실될 수 있습니다.
  (소스 파일 '/CBomb.cpp'을(를) 컴파일하는 중)
  
  CBoss.cpp
C:\Users\rlatj\OneDrive\바탕 화면\수업\시연회\API_프레임워크_시연_테라리아_김성용\DefaultWindow\define.h(60,2): warning C4091: 'typedef ': 변수를 선언하지 않으면 'Vector2D' 왼쪽은 무시됩니다.
  (소스 파일 '/CBoss.cpp'을(를) 컴파일하는 중)
  
  CButton.cpp
C:\Users\rlatj\OneDrive\바탕 화면\수업\시연회\API_프레임워크_시연_테라리아_김성용\DefaultWindow\Define.h(60,2): warning C4091: 'typedef ': 변수를 선언하지 않으면 'Vector2D' 왼쪽은 무시됩니다.
  (소스 파일 '/CButton.cpp'을(를) 컴파일하는 중)
  
C:\Users\rlatj\OneDrive\바탕 화면\수업\시연회\API_프레임워크_시연_테라리아_김성용\DefaultWindow\CButton.cpp(113,37): warning C4244: '인수': 'float'에서 'int'(으)로 변환하면서 데이터가 손실될 수 있습니다.
  (소스 파일 '/CButton.cpp'을(를) 컴파일하는 중)
  
C:\Users\rlatj\OneDrive\바탕 화면\수업\시연회\API_프레임워크_시연_테라리아_김성용\DefaultWindow\CButton.cpp(113,22): warning C4244: '인수': 'float'에서 'int'(으)로 변환하면서 데이터가 손실될 수 있습니다.
  (소스 파일 '/CButton.cpp'을(를) 컴파일하는 중)
  
  CCollisionMgr.cpp
C:\Users\rlatj\OneDrive\바탕 화면\수업\시연회\API_프레임워크_시연_테라리아_김성용\DefaultWindow\define.h(60,2): warning C4091: 'typedef ': 변수를 선언하지 않으면 'Vector2D' 왼쪽은 무시됩니다.
  (소스 파일 '/CCollisionMgr.cpp'을(를) 컴파일하는 중)
  
  CDynamiteMan.cpp
C:\Users\rlatj\OneDrive\바탕 화면\수업\시연회\API_프레임워크_시연_테라리아_김성용\DefaultWindow\define.h(60,2): warning C4091: 'typedef ': 변수를 선언하지 않으면 'Vector2D' 왼쪽은 무시됩니다.
  (소스 파일 '/CDynamiteMan.cpp'을(를) 컴파일하는 중)
  
C:\Users\rlatj\OneDrive\바탕 화면\수업\시연회\API_프레임워크_시연_테라리아_김성용\DefaultWindow\CDynamiteMan.cpp(148,10): warning C4244: '인수': 'float'에서 'int'(으)로 변환하면서 데이터가 손실될 수 있습니다.
  (소스 파일 '/CDynamiteMan.cpp'을(를) 컴파일하는 중)
  
C:\Users\rlatj\OneDrive\바탕 화면\수업\시연회\API_프레임워크_시연_테라리아_김성용\DefaultWindow\CDynamiteMan.cpp(147,10): warning C4244: '인수': 'float'에서 'int'(으)로 변환하면서 데이터가 손실될 수 있습니다.
  (소스 파일 '/CDynamiteMan.cpp'을(를) 컴파일하는 중)
  
C:\Users\rlatj\OneDrive\바탕 화면\수업\시연회\API_프레임워크_시연_테라리아_김성용\DefaultWindow\CDynamiteMan.cpp(146,15): warning C4244: '인수': 'float'에서 'int'(으)로 변환하면서 데이터가 손실될 수 있습니다.
  (소스 파일 '/CDynamiteMan.cpp'을(를) 컴파일하는 중)
  
C:\Users\rlatj\OneDrive\바탕 화면\수업\시연회\API_프레임워크_시연_테라리아_김성용\DefaultWindow\CDynamiteMan.cpp(145,16): warning C4244: '인수': 'float'에서 'int'(으)로 변환하면서 데이터가 손실될 수 있습니다.
  (소스 파일 '/CDynamiteMan.cpp'을(를) 컴파일하는 중)
  
C:\Users\rlatj\OneDrive\바탕 화면\수업\시연회\API_프레임워크_시연_테라리아_김성용\DefaultWindow\CDynamiteMan.cpp(166,121): warning C4244: '인수': 'int'에서 'float'(으)로 변환하면서 데이터가 손실될 수 있습니다.
  (소스 파일 '/CDynamiteMan.cpp'을(를) 컴파일하는 중)
  
C:\Users\rlatj\OneDrive\바탕 화면\수업\시연회\API_프레임워크_시연_테라리아_김성용\DefaultWindow\CDynamiteMan.cpp(172,121): warning C4244: '인수': 'int'에서 'float'(으)로 변환하면서 데이터가 손실될 수 있습니다.
  (소스 파일 '/CDynamiteMan.cpp'을(를) 컴파일하는 중)
  
C:\Users\rlatj\OneDrive\바탕 화면\수업\시연회\API_프레임워크_시연_테라리아_김성용\DefaultWindow\CDynamiteMan.cpp(181,121): warning C4244: '인수': 'int'에서 'float'(으)로 변환하면서 데이터가 손실될 수 있습니다.
  (소스 파일 '/CDynamiteMan.cpp'을(를) 컴파일하는 중)
  
  CEdit.cpp
C:\Users\rlatj\OneDrive\바탕 화면\수업\시연회\API_프레임워크_시연_테라리아_김성용\DefaultWindow\define.h(60,2): warning C4091: 'typedef ': 변수를 선언하지 않으면 'Vector2D' 왼쪽은 무시됩니다.
  (소스 파일 '/CEdit.cpp'을(를) 컴파일하는 중)
  
C:\Users\rlatj\OneDrive\바탕 화면\수업\시연회\API_프레임워크_시연_테라리아_김성용\DefaultWindow\CEdit.cpp(45,75): warning C4244: '인수': 'float'에서 'int'(으)로 변환하면서 데이터가 손실될 수 있습니다.
  (소스 파일 '/CEdit.cpp'을(를) 컴파일하는 중)
  
C:\Users\rlatj\OneDrive\바탕 화면\수업\시연회\API_프레임워크_시연_테라리아_김성용\DefaultWindow\CEdit.cpp(45,57): warning C4244: '인수': 'float'에서 'int'(으)로 변환하면서 데이터가 손실될 수 있습니다.
  (소스 파일 '/CEdit.cpp'을(를) 컴파일하는 중)
  
C:\Users\rlatj\OneDrive\바탕 화면\수업\시연회\API_프레임워크_시연_테라리아_김성용\DefaultWindow\CEdit.cpp(95,21): warning C4838: 'float'에서 'LONG'(으)로의 변환에는 축소 변환이 필요합니다.
  (소스 파일 '/CEdit.cpp'을(를) 컴파일하는 중)
  
C:\Users\rlatj\OneDrive\바탕 화면\수업\시연회\API_프레임워크_시연_테라리아_김성용\DefaultWindow\CEdit.cpp(95,21): warning C4244: '초기화 중': 'float'에서 'LONG'(으)로 변환하면서 데이터가 손실될 수 있습니다.
  (소스 파일 '/CEdit.cpp'을(를) 컴파일하는 중)
  
C:\Users\rlatj\OneDrive\바탕 화면\수업\시연회\API_프레임워크_시연_테라리아_김성용\DefaultWindow\CEdit.cpp(95,25): warning C4838: 'float'에서 'LONG'(으)로의 변환에는 축소 변환이 필요합니다.
  (소스 파일 '/CEdit.cpp'을(를) 컴파일하는 중)
  
C:\Users\rlatj\OneDrive\바탕 화면\수업\시연회\API_프레임워크_시연_테라리아_김성용\DefaultWindow\CEdit.cpp(95,25): warning C4244: '초기화 중': 'float'에서 'LONG'(으)로 변환하면서 데이터가 손실될 수 있습니다.
  (소스 파일 '/CEdit.cpp'을(를) 컴파일하는 중)
  
  CEfeect.cpp
C:\Users\rlatj\OneDrive\바탕 화면\수업\시연회\API_프레임워크_시연_테라리아_김성용\DefaultWindow\define.h(60,2): warning C4091: 'typedef ': 변수를 선언하지 않으면 'Vector2D' 왼쪽은 무시됩니다.
  (소스 파일 '/CEfeect.cpp'을(를) 컴파일하는 중)
  
  CExplosion.cpp
C:\Users\rlatj\OneDrive\바탕 화면\수업\시연회\API_프레임워크_시연_테라리아_김성용\DefaultWindow\define.h(60,2): warning C4091: 'typedef ': 변수를 선언하지 않으면 'Vector2D' 왼쪽은 무시됩니다.
  (소스 파일 '/CExplosion.cpp'을(를) 컴파일하는 중)
  
C:\Users\rlatj\OneDrive\바탕 화면\수업\시연회\API_프레임워크_시연_테라리아_김성용\DefaultWindow\CExplosion.cpp(118,20): warning C4244: '인수': 'float'에서 'int'(으)로 변환하면서 데이터가 손실될 수 있습니다.
  (소스 파일 '/CExplosion.cpp'을(를) 컴파일하는 중)
  
C:\Users\rlatj\OneDrive\바탕 화면\수업\시연회\API_프레임워크_시연_테라리아_김성용\DefaultWindow\CExplosion.cpp(117,20): warning C4244: '인수': 'float'에서 'int'(으)로 변환하면서 데이터가 손실될 수 있습니다.
  (소스 파일 '/CExplosion.cpp'을(를) 컴파일하는 중)
  
C:\Users\rlatj\OneDrive\바탕 화면\수업\시연회\API_프레임워크_시연_테라리아_김성용\DefaultWindow\CExplosion.cpp(116,25): warning C4244: '인수': 'float'에서 'int'(으)로 변환하면서 데이터가 손실될 수 있습니다.
  (소스 파일 '/CExplosion.cpp'을(를) 컴파일하는 중)
  
C:\Users\rlatj\OneDrive\바탕 화면\수업\시연회\API_프레임워크_시연_테라리아_김성용\DefaultWindow\CExplosion.cpp(115,26): warning C4244: '인수': 'float'에서 'int'(으)로 변환하면서 데이터가 손실될 수 있습니다.
  (소스 파일 '/CExplosion.cpp'을(를) 컴파일하는 중)
  
C:\Users\rlatj\OneDrive\바탕 화면\수업\시연회\API_프레임워크_시연_테라리아_김성용\DefaultWindow\CExplosion.cpp(133,25): warning C4244: '인수': 'float'에서 'int'(으)로 변환하면서 데이터가 손실될 수 있습니다.
  (소스 파일 '/CExplosion.cpp'을(를) 컴파일하는 중)
  
C:\Users\rlatj\OneDrive\바탕 화면\수업\시연회\API_프레임워크_시연_테라리아_김성용\DefaultWindow\CExplosion.cpp(132,25): warning C4244: '인수': 'float'에서 'int'(으)로 변환하면서 데이터가 손실될 수 있습니다.
  (소스 파일 '/CExplosion.cpp'을(를) 컴파일하는 중)
  
C:\Users\rlatj\OneDrive\바탕 화면\수업\시연회\API_프레임워크_시연_테라리아_김성용\DefaultWindow\CExplosion.cpp(131,35): warning C4244: '인수': 'double'에서 'int'(으)로 변환하면서 데이터가 손실될 수 있습니다.
  (소스 파일 '/CExplosion.cpp'을(를) 컴파일하는 중)
  
C:\Users\rlatj\OneDrive\바탕 화면\수업\시연회\API_프레임워크_시연_테라리아_김성용\DefaultWindow\CExplosion.cpp(130,36): warning C4244: '인수': 'double'에서 'int'(으)로 변환하면서 데이터가 손실될 수 있습니다.
  (소스 파일 '/CExplosion.cpp'을(를) 컴파일하는 중)
  
  CFire.cpp
C:\Users\rlatj\OneDrive\바탕 화면\수업\시연회\API_프레임워크_시연_테라리아_김성용\DefaultWindow\define.h(60,2): warning C4091: 'typedef ': 변수를 선언하지 않으면 'Vector2D' 왼쪽은 무시됩니다.
  (소스 파일 '/CFire.cpp'을(를) 컴파일하는 중)
  
C:\Users\rlatj\OneDrive\바탕 화면\수업\시연회\API_프레임워크_시연_테라리아_김성용\DefaultWindow\CFire.cpp(97,13): warning C4244: '초기화 중': 'float'에서 'int'(으)로 변환하면서 데이터가 손실될 수 있습니다.
  (소스 파일 '/CFire.cpp'을(를) 컴파일하는 중)
  
C:\Users\rlatj\OneDrive\바탕 화면\수업\시연회\API_프레임워크_시연_테라리아_김성용\DefaultWindow\CFire.cpp(98,13): warning C4244: '초기화 중': 'float'에서 'int'(으)로 변환하면서 데이터가 손실될 수 있습니다.
  (소스 파일 '/CFire.cpp'을(를) 컴파일하는 중)
  
C:\Users\rlatj\OneDrive\바탕 화면\수업\시연회\API_프레임워크_시연_테라리아_김성용\DefaultWindow\CFire.cpp(134,14): warning C4244: '인수': 'float'에서 'int'(으)로 변환하면서 데이터가 손실될 수 있습니다.
  (소스 파일 '/CFire.cpp'을(를) 컴파일하는 중)
  
C:\Users\rlatj\OneDrive\바탕 화면\수업\시연회\API_프레임워크_시연_테라리아_김성용\DefaultWindow\CFire.cpp(133,14): warning C4244: '인수': 'float'에서 'int'(으)로 변환하면서 데이터가 손실될 수 있습니다.
  (소스 파일 '/CFire.cpp'을(를) 컴파일하는 중)
  
C:\Users\rlatj\OneDrive\바탕 화면\수업\시연회\API_프레임워크_시연_테라리아_김성용\DefaultWindow\CFire.cpp(132,41): warning C4244: '인수': 'float'에서 'int'(으)로 변환하면서 데이터가 손실될 수 있습니다.
  (소스 파일 '/CFire.cpp'을(를) 컴파일하는 중)
  
C:\Users\rlatj\OneDrive\바탕 화면\수업\시연회\API_프레임워크_시연_테라리아_김성용\DefaultWindow\CFire.cpp(131,41): warning C4244: '인수': 'float'에서 'int'(으)로 변환하면서 데이터가 손실될 수 있습니다.
  (소스 파일 '/CFire.cpp'을(를) 컴파일하는 중)
  
  CFunitureMgr.cpp
C:\Users\rlatj\OneDrive\바탕 화면\수업\시연회\API_프레임워크_시연_테라리아_김성용\DefaultWindow\Define.h(60,2): warning C4091: 'typedef ': 변수를 선언하지 않으면 'Vector2D' 왼쪽은 무시됩니다.
  (소스 파일 '/CFunitureMgr.cpp'을(를) 컴파일하는 중)
  
C:\Users\rlatj\OneDrive\바탕 화면\수업\시연회\API_프레임워크_시연_테라리아_김성용\DefaultWindow\CFunitureMgr.cpp(48,35): warning C4834: [[nodiscard]] 특성이 포함된 함수의 반환 값을 버리는 중입니다.
  (소스 파일 '/CFunitureMgr.cpp'을(를) 컴파일하는 중)
  
C:\Users\rlatj\OneDrive\바탕 화면\수업\시연회\API_프레임워크_시연_테라리아_김성용\DefaultWindow\CFunitureMgr.cpp(186,134): warning C4244: '인수': 'float'에서 'int'(으)로 변환하면서 데이터가 손실될 수 있습니다.
  (소스 파일 '/CFunitureMgr.cpp'을(를) 컴파일하는 중)
  
C:\Users\rlatj\OneDrive\바탕 화면\수업\시연회\API_프레임워크_시연_테라리아_김성용\DefaultWindow\CFunitureMgr.cpp(186,111): warning C4244: '인수': 'float'에서 'int'(으)로 변환하면서 데이터가 손실될 수 있습니다.
  (소스 파일 '/CFunitureMgr.cpp'을(를) 컴파일하는 중)
  
C:\Users\rlatj\OneDrive\바탕 화면\수업\시연회\API_프레임워크_시연_테라리아_김성용\DefaultWindow\CFunitureMgr.cpp(186,83): warning C4244: '인수': 'float'에서 'int'(으)로 변환하면서 데이터가 손실될 수 있습니다.
  (소스 파일 '/CFunitureMgr.cpp'을(를) 컴파일하는 중)
  
C:\Users\rlatj\OneDrive\바탕 화면\수업\시연회\API_프레임워크_시연_테라리아_김성용\DefaultWindow\CFunitureMgr.cpp(186,50): warning C4244: '인수': 'float'에서 'int'(으)로 변환하면서 데이터가 손실될 수 있습니다.
  (소스 파일 '/CFunitureMgr.cpp'을(를) 컴파일하는 중)
  
C:\Users\rlatj\OneDrive\바탕 화면\수업\시연회\API_프레임워크_시연_테라리아_김성용\DefaultWindow\CFunitureMgr.cpp(190,139): warning C4244: '인수': 'float'에서 'int'(으)로 변환하면서 데이터가 손실될 수 있습니다.
  (소스 파일 '/CFunitureMgr.cpp'을(를) 컴파일하는 중)
  
C:\Users\rlatj\OneDrive\바탕 화면\수업\시연회\API_프레임워크_시연_테라리아_김성용\DefaultWindow\CFunitureMgr.cpp(190,116): warning C4244: '인수': 'float'에서 'int'(으)로 변환하면서 데이터가 손실될 수 있습니다.
  (소스 파일 '/CFunitureMgr.cpp'을(를) 컴파일하는 중)
  
C:\Users\rlatj\OneDrive\바탕 화면\수업\시연회\API_프레임워크_시연_테라리아_김성용\DefaultWindow\CFunitureMgr.cpp(190,93): warning C4244: '인수': 'float'에서 'int'(으)로 변환하면서 데이터가 손실될 수 있습니다.
  (소스 파일 '/CFunitureMgr.cpp'을(를) 컴파일하는 중)
  
C:\Users\rlatj\OneDrive\바탕 화면\수업\시연회\API_프레임워크_시연_테라리아_김성용\DefaultWindow\CFunitureMgr.cpp(190,50): warning C4244: '인수': 'float'에서 'int'(으)로 변환하면서 데이터가 손실될 수 있습니다.
  (소스 파일 '/CFunitureMgr.cpp'을(를) 컴파일하는 중)
  
C:\Users\rlatj\OneDrive\바탕 화면\수업\시연회\API_프레임워크_시연_테라리아_김성용\DefaultWindow\CFunitureMgr.cpp(194,134): warning C4244: '인수': 'float'에서 'int'(으)로 변환하면서 데이터가 손실될 수 있습니다.
  (소스 파일 '/CFunitureMgr.cpp'을(를) 컴파일하는 중)
  
C:\Users\rlatj\OneDrive\바탕 화면\수업\시연회\API_프레임워크_시연_테라리아_김성용\DefaultWindow\CFunitureMgr.cpp(194,111): warning C4244: '인수': 'float'에서 'int'(으)로 변환하면서 데이터가 손실될 수 있습니다.
  (소스 파일 '/CFunitureMgr.cpp'을(를) 컴파일하는 중)
  
C:\Users\rlatj\OneDrive\바탕 화면\수업\시연회\API_프레임워크_시연_테라리아_김성용\DefaultWindow\CFunitureMgr.cpp(194,83): warning C4244: '인수': 'float'에서 'int'(으)로 변환하면서 데이터가 손실될 수 있습니다.
  (소스 파일 '/CFunitureMgr.cpp'을(를) 컴파일하는 중)
  
C:\Users\rlatj\OneDrive\바탕 화면\수업\시연회\API_프레임워크_시연_테라리아_김성용\DefaultWindow\CFunitureMgr.cpp(194,50): warning C4244: '인수': 'float'에서 'int'(으)로 변환하면서 데이터가 손실될 수 있습니다.
  (소스 파일 '/CFunitureMgr.cpp'을(를) 컴파일하는 중)
  
C:\Users\rlatj\OneDrive\바탕 화면\수업\시연회\API_프레임워크_시연_테라리아_김성용\DefaultWindow\CFunitureMgr.cpp(265,35): warning C4834: [[nodiscard]] 특성이 포함된 함수의 반환 값을 버리는 중입니다.
  (소스 파일 '/CFunitureMgr.cpp'을(를) 컴파일하는 중)
  
  CImageButton.cpp
C:\Users\rlatj\OneDrive\바탕 화면\수업\시연회\API_프레임워크_시연_테라리아_김성용\DefaultWindow\Define.h(60,2): warning C4091: 'typedef ': 변수를 선언하지 않으면 'Vector2D' 왼쪽은 무시됩니다.
  (소스 파일 '/CImageButton.cpp'을(를) 컴파일하는 중)
  
C:\Users\rlatj\OneDrive\바탕 화면\수업\시연회\API_프레임워크_시연_테라리아_김성용\DefaultWindow\CImageButton.cpp(106,38): warning C4244: '인수': 'float'에서 'int'(으)로 변환하면서 데이터가 손실될 수 있습니다.
  (소스 파일 '/CImageButton.cpp'을(를) 컴파일하는 중)
  
C:\Users\rlatj\OneDrive\바탕 화면\수업\시연회\API_프레임워크_시연_테라리아_김성용\DefaultWindow\CImageButton.cpp(106,22): warning C4244: '인수': 'float'에서 'int'(으)로 변환하면서 데이터가 손실될 수 있습니다.
  (소스 파일 '/CImageButton.cpp'을(를) 컴파일하는 중)
  
  CInGame.cpp
C:\Users\rlatj\OneDrive\바탕 화면\수업\시연회\API_프레임워크_시연_테라리아_김성용\DefaultWindow\define.h(60,2): warning C4091: 'typedef ': 변수를 선언하지 않으면 'Vector2D' 왼쪽은 무시됩니다.
  (소스 파일 '/CInGame.cpp'을(를) 컴파일하는 중)
  
C:\Users\rlatj\OneDrive\바탕 화면\수업\시연회\API_프레임워크_시연_테라리아_김성용\DefaultWindow\CInGame.cpp(155,80): warning C4244: '인수': 'float'에서 'int'(으)로 변환하면서 데이터가 손실될 수 있습니다.
  (소스 파일 '/CInGame.cpp'을(를) 컴파일하는 중)
  
C:\Users\rlatj\OneDrive\바탕 화면\수업\시연회\API_프레임워크_시연_테라리아_김성용\DefaultWindow\CInGame.cpp(155,60): warning C4244: '인수': 'float'에서 'int'(으)로 변환하면서 데이터가 손실될 수 있습니다.
  (소스 파일 '/CInGame.cpp'을(를) 컴파일하는 중)
  
C:\Users\rlatj\OneDrive\바탕 화면\수업\시연회\API_프레임워크_시연_테라리아_김성용\DefaultWindow\CInGame.cpp(186,96): warning C4244: '인수': 'float'에서 'int'(으)로 변환하면서 데이터가 손실될 수 있습니다.
  (소스 파일 '/CInGame.cpp'을(를) 컴파일하는 중)
  
C:\Users\rlatj\OneDrive\바탕 화면\수업\시연회\API_프레임워크_시연_테라리아_김성용\DefaultWindow\CInGame.cpp(186,81): warning C4244: '인수': 'float'에서 'int'(으)로 변환하면서 데이터가 손실될 수 있습니다.
  (소스 파일 '/CInGame.cpp'을(를) 컴파일하는 중)
  
C:\Users\rlatj\OneDrive\바탕 화면\수업\시연회\API_프레임워크_시연_테라리아_김성용\DefaultWindow\CInGame.cpp(186,56): warning C4244: '인수': 'float'에서 'int'(으)로 변환하면서 데이터가 손실될 수 있습니다.
  (소스 파일 '/CInGame.cpp'을(를) 컴파일하는 중)
  
C:\Users\rlatj\OneDrive\바탕 화면\수업\시연회\API_프레임워크_시연_테라리아_김성용\DefaultWindow\CInGame.cpp(186,40): warning C4244: '인수': 'float'에서 'int'(으)로 변환하면서 데이터가 손실될 수 있습니다.
  (소스 파일 '/CInGame.cpp'을(를) 컴파일하는 중)
  
C:\Users\rlatj\OneDrive\바탕 화면\수업\시연회\API_프레임워크_시연_테라리아_김성용\DefaultWindow\CInGame.cpp(193,95): warning C4244: '인수': 'float'에서 'int'(으)로 변환하면서 데이터가 손실될 수 있습니다.
  (소스 파일 '/CInGame.cpp'을(를) 컴파일하는 중)
  
C:\Users\rlatj\OneDrive\바탕 화면\수업\시연회\API_프레임워크_시연_테라리아_김성용\DefaultWindow\CInGame.cpp(193,80): warning C4244: '인수': 'float'에서 'int'(으)로 변환하면서 데이터가 손실될 수 있습니다.
  (소스 파일 '/CInGame.cpp'을(를) 컴파일하는 중)
  
C:\Users\rlatj\OneDrive\바탕 화면\수업\시연회\API_프레임워크_시연_테라리아_김성용\DefaultWindow\CInGame.cpp(193,56): warning C4244: '인수': 'float'에서 'int'(으)로 변환하면서 데이터가 손실될 수 있습니다.
  (소스 파일 '/CInGame.cpp'을(를) 컴파일하는 중)
  
C:\Users\rlatj\OneDrive\바탕 화면\수업\시연회\API_프레임워크_시연_테라리아_김성용\DefaultWindow\CInGame.cpp(193,40): warning C4244: '인수': 'float'에서 'int'(으)로 변환하면서 데이터가 손실될 수 있습니다.
  (소스 파일 '/CInGame.cpp'을(를) 컴파일하는 중)
  
  CInven.cpp
C:\Users\rlatj\OneDrive\바탕 화면\수업\시연회\API_프레임워크_시연_테라리아_김성용\DefaultWindow\Define.h(60,2): warning C4091: 'typedef ': 변수를 선언하지 않으면 'Vector2D' 왼쪽은 무시됩니다.
  (소스 파일 '/CInven.cpp'을(를) 컴파일하는 중)
  
C:\Users\rlatj\OneDrive\바탕 화면\수업\시연회\API_프레임워크_시연_테라리아_김성용\DefaultWindow\CInven.cpp(50,10): warning C4244: '인수': 'float'에서 'int'(으)로 변환하면서 데이터가 손실될 수 있습니다.
  (소스 파일 '/CInven.cpp'을(를) 컴파일하는 중)
  
C:\Users\rlatj\OneDrive\바탕 화면\수업\시연회\API_프레임워크_시연_테라리아_김성용\DefaultWindow\CInven.cpp(49,10): warning C4244: '인수': 'float'에서 'int'(으)로 변환하면서 데이터가 손실될 수 있습니다.
  (소스 파일 '/CInven.cpp'을(를) 컴파일하는 중)
  
  CInvenMgr.cpp
C:\Users\rlatj\OneDrive\바탕 화면\수업\시연회\API_프레임워크_시연_테라리아_김성용\DefaultWindow\define.h(60,2): warning C4091: 'typedef ': 변수를 선언하지 않으면 'Vector2D' 왼쪽은 무시됩니다.
  (소스 파일 '/CInvenMgr.cpp'을(를) 컴파일하는 중)
  
  CItem.cpp
C:\Users\rlatj\OneDrive\바탕 화면\수업\시연회\API_프레임워크_시연_테라리아_김성용\DefaultWindow\Define.h(60,2): warning C4091: 'typedef ': 변수를 선언하지 않으면 'Vector2D' 왼쪽은 무시됩니다.
  (소스 파일 '/CItem.cpp'을(를) 컴파일하는 중)
  
C:\Users\rlatj\OneDrive\바탕 화면\수업\시연회\API_프레임워크_시연_테라리아_김성용\DefaultWindow\CItem.cpp(79,18): warning C4244: '=': 'LONG'에서 'float'(으)로 변환하면서 데이터가 손실될 수 있습니다.
  (소스 파일 '/CItem.cpp'을(를) 컴파일하는 중)
  
C:\Users\rlatj\OneDrive\바탕 화면\수업\시연회\API_프레임워크_시연_테라리아_김성용\DefaultWindow\CItem.cpp(80,18): warning C4244: '=': 'LONG'에서 'float'(으)로 변환하면서 데이터가 손실될 수 있습니다.
  (소스 파일 '/CItem.cpp'을(를) 컴파일하는 중)
  
C:\Users\rlatj\OneDrive\바탕 화면\수업\시연회\API_프레임워크_시연_테라리아_김성용\DefaultWindow\CItem.cpp(142,64): warning C4244: '인수': 'float'에서 'int'(으)로 변환하면서 데이터가 손실될 수 있습니다.
  (소스 파일 '/CItem.cpp'을(를) 컴파일하는 중)
  
C:\Users\rlatj\OneDrive\바탕 화면\수업\시연회\API_프레임워크_시연_테라리아_김성용\DefaultWindow\CItem.cpp(142,41): warning C4244: '인수': 'float'에서 'int'(으)로 변환하면서 데이터가 손실될 수 있습니다.
  (소스 파일 '/CItem.cpp'을(를) 컴파일하는 중)
  
C:\Users\rlatj\OneDrive\바탕 화면\수업\시연회\API_프레임워크_시연_테라리아_김성용\DefaultWindow\CItem.cpp(149,64): warning C4244: '인수': 'float'에서 'int'(으)로 변환하면서 데이터가 손실될 수 있습니다.
  (소스 파일 '/CItem.cpp'을(를) 컴파일하는 중)
  
C:\Users\rlatj\OneDrive\바탕 화면\수업\시연회\API_프레임워크_시연_테라리아_김성용\DefaultWindow\CItem.cpp(149,41): warning C4244: '인수': 'float'에서 'int'(으)로 변환하면서 데이터가 손실될 수 있습니다.
  (소스 파일 '/CItem.cpp'을(를) 컴파일하는 중)
  
C:\Users\rlatj\OneDrive\바탕 화면\수업\시연회\API_프레임워크_시연_테라리아_김성용\DefaultWindow\CItem.cpp(151,64): warning C4244: '인수': 'float'에서 'int'(으)로 변환하면서 데이터가 손실될 수 있습니다.
  (소스 파일 '/CItem.cpp'을(를) 컴파일하는 중)
  
C:\Users\rlatj\OneDrive\바탕 화면\수업\시연회\API_프레임워크_시연_테라리아_김성용\DefaultWindow\CItem.cpp(151,41): warning C4244: '인수': 'float'에서 'int'(으)로 변환하면서 데이터가 손실될 수 있습니다.
  (소스 파일 '/CItem.cpp'을(를) 컴파일하는 중)
  
C:\Users\rlatj\OneDrive\바탕 화면\수업\시연회\API_프레임워크_시연_테라리아_김성용\DefaultWindow\CItem.cpp(153,71): warning C4244: '인수': 'float'에서 'int'(으)로 변환하면서 데이터가 손실될 수 있습니다.
  (소스 파일 '/CItem.cpp'을(를) 컴파일하는 중)
  
C:\Users\rlatj\OneDrive\바탕 화면\수업\시연회\API_프레임워크_시연_테라리아_김성용\DefaultWindow\CItem.cpp(153,44): warning C4244: '인수': 'float'에서 'int'(으)로 변환하면서 데이터가 손실될 수 있습니다.
  (소스 파일 '/CItem.cpp'을(를) 컴파일하는 중)
  
C:\Users\rlatj\OneDrive\바탕 화면\수업\시연회\API_프레임워크_시연_테라리아_김성용\DefaultWindow\CItem.cpp(161,95): warning C4244: '인수': 'float'에서 'int'(으)로 변환하면서 데이터가 손실될 수 있습니다.
  (소스 파일 '/CItem.cpp'을(를) 컴파일하는 중)
  
C:\Users\rlatj\OneDrive\바탕 화면\수업\시연회\API_프레임워크_시연_테라리아_김성용\DefaultWindow\CItem.cpp(161,82): warning C4244: '인수': 'float'에서 'int'(으)로 변환하면서 데이터가 손실될 수 있습니다.
  (소스 파일 '/CItem.cpp'을(를) 컴파일하는 중)
  
C:\Users\rlatj\OneDrive\바탕 화면\수업\시연회\API_프레임워크_시연_테라리아_김성용\DefaultWindow\CItem.cpp(161,64): warning C4244: '인수': 'float'에서 'int'(으)로 변환하면서 데이터가 손실될 수 있습니다.
  (소스 파일 '/CItem.cpp'을(를) 컴파일하는 중)
  
C:\Users\rlatj\OneDrive\바탕 화면\수업\시연회\API_프레임워크_시연_테라리아_김성용\DefaultWindow\CItem.cpp(161,41): warning C4244: '인수': 'float'에서 'int'(으)로 변환하면서 데이터가 손실될 수 있습니다.
  (소스 파일 '/CItem.cpp'을(를) 컴파일하는 중)
  
C:\Users\rlatj\OneDrive\바탕 화면\수업\시연회\API_프레임워크_시연_테라리아_김성용\DefaultWindow\CItem.cpp(165,95): warning C4244: '인수': 'float'에서 'int'(으)로 변환하면서 데이터가 손실될 수 있습니다.
  (소스 파일 '/CItem.cpp'을(를) 컴파일하는 중)
  
C:\Users\rlatj\OneDrive\바탕 화면\수업\시연회\API_프레임워크_시연_테라리아_김성용\DefaultWindow\CItem.cpp(165,82): warning C4244: '인수': 'float'에서 'int'(으)로 변환하면서 데이터가 손실될 수 있습니다.
  (소스 파일 '/CItem.cpp'을(를) 컴파일하는 중)
  
C:\Users\rlatj\OneDrive\바탕 화면\수업\시연회\API_프레임워크_시연_테라리아_김성용\DefaultWindow\CItem.cpp(165,64): warning C4244: '인수': 'float'에서 'int'(으)로 변환하면서 데이터가 손실될 수 있습니다.
  (소스 파일 '/CItem.cpp'을(를) 컴파일하는 중)
  
C:\Users\rlatj\OneDrive\바탕 화면\수업\시연회\API_프레임워크_시연_테라리아_김성용\DefaultWindow\CItem.cpp(165,41): warning C4244: '인수': 'float'에서 'int'(으)로 변환하면서 데이터가 손실될 수 있습니다.
  (소스 파일 '/CItem.cpp'을(를) 컴파일하는 중)
  
C:\Users\rlatj\OneDrive\바탕 화면\수업\시연회\API_프레임워크_시연_테라리아_김성용\DefaultWindow\CItem.cpp(169,95): warning C4244: '인수': 'float'에서 'int'(으)로 변환하면서 데이터가 손실될 수 있습니다.
  (소스 파일 '/CItem.cpp'을(를) 컴파일하는 중)
  
C:\Users\rlatj\OneDrive\바탕 화면\수업\시연회\API_프레임워크_시연_테라리아_김성용\DefaultWindow\CItem.cpp(169,82): warning C4244: '인수': 'float'에서 'int'(으)로 변환하면서 데이터가 손실될 수 있습니다.
  (소스 파일 '/CItem.cpp'을(를) 컴파일하는 중)
  
C:\Users\rlatj\OneDrive\바탕 화면\수업\시연회\API_프레임워크_시연_테라리아_김성용\DefaultWindow\CItem.cpp(169,64): warning C4244: '인수': 'float'에서 'int'(으)로 변환하면서 데이터가 손실될 수 있습니다.
  (소스 파일 '/CItem.cpp'을(를) 컴파일하는 중)
  
C:\Users\rlatj\OneDrive\바탕 화면\수업\시연회\API_프레임워크_시연_테라리아_김성용\DefaultWindow\CItem.cpp(169,41): warning C4244: '인수': 'float'에서 'int'(으)로 변환하면서 데이터가 손실될 수 있습니다.
  (소스 파일 '/CItem.cpp'을(를) 컴파일하는 중)
  
C:\Users\rlatj\OneDrive\바탕 화면\수업\시연회\API_프레임워크_시연_테라리아_김성용\DefaultWindow\CItem.cpp(173,95): warning C4244: '인수': 'float'에서 'int'(으)로 변환하면서 데이터가 손실될 수 있습니다.
  (소스 파일 '/CItem.cpp'을(를) 컴파일하는 중)
  
C:\Users\rlatj\OneDrive\바탕 화면\수업\시연회\API_프레임워크_시연_테라리아_김성용\DefaultWindow\CItem.cpp(173,82): warning C4244: '인수': 'float'에서 'int'(으)로 변환하면서 데이터가 손실될 수 있습니다.
  (소스 파일 '/CItem.cpp'을(를) 컴파일하는 중)
  
C:\Users\rlatj\OneDrive\바탕 화면\수업\시연회\API_프레임워크_시연_테라리아_김성용\DefaultWindow\CItem.cpp(173,64): warning C4244: '인수': 'float'에서 'int'(으)로 변환하면서 데이터가 손실될 수 있습니다.
  (소스 파일 '/CItem.cpp'을(를) 컴파일하는 중)
  
C:\Users\rlatj\OneDrive\바탕 화면\수업\시연회\API_프레임워크_시연_테라리아_김성용\DefaultWindow\CItem.cpp(173,41): warning C4244: '인수': 'float'에서 'int'(으)로 변환하면서 데이터가 손실될 수 있습니다.
  (소스 파일 '/CItem.cpp'을(를) 컴파일하는 중)
  
C:\Users\rlatj\OneDrive\바탕 화면\수업\시연회\API_프레임워크_시연_테라리아_김성용\DefaultWindow\CItem.cpp(181,95): warning C4244: '인수': 'float'에서 'int'(으)로 변환하면서 데이터가 손실될 수 있습니다.
  (소스 파일 '/CItem.cpp'을(를) 컴파일하는 중)
  
C:\Users\rlatj\OneDrive\바탕 화면\수업\시연회\API_프레임워크_시연_테라리아_김성용\DefaultWindow\CItem.cpp(181,82): warning C4244: '인수': 'float'에서 'int'(으)로 변환하면서 데이터가 손실될 수 있습니다.
  (소스 파일 '/CItem.cpp'을(를) 컴파일하는 중)
  
C:\Users\rlatj\OneDrive\바탕 화면\수업\시연회\API_프레임워크_시연_테라리아_김성용\DefaultWindow\CItem.cpp(181,64): warning C4244: '인수': 'float'에서 'int'(으)로 변환하면서 데이터가 손실될 수 있습니다.
  (소스 파일 '/CItem.cpp'을(를) 컴파일하는 중)
  
C:\Users\rlatj\OneDrive\바탕 화면\수업\시연회\API_프레임워크_시연_테라리아_김성용\DefaultWindow\CItem.cpp(181,41): warning C4244: '인수': 'float'에서 'int'(으)로 변환하면서 데이터가 손실될 수 있습니다.
  (소스 파일 '/CItem.cpp'을(를) 컴파일하는 중)
  
C:\Users\rlatj\OneDrive\바탕 화면\수업\시연회\API_프레임워크_시연_테라리아_김성용\DefaultWindow\CItem.cpp(183,95): warning C4244: '인수': 'float'에서 'int'(으)로 변환하면서 데이터가 손실될 수 있습니다.
  (소스 파일 '/CItem.cpp'을(를) 컴파일하는 중)
  
C:\Users\rlatj\OneDrive\바탕 화면\수업\시연회\API_프레임워크_시연_테라리아_김성용\DefaultWindow\CItem.cpp(183,82): warning C4244: '인수': 'float'에서 'int'(으)로 변환하면서 데이터가 손실될 수 있습니다.
  (소스 파일 '/CItem.cpp'을(를) 컴파일하는 중)
  
C:\Users\rlatj\OneDrive\바탕 화면\수업\시연회\API_프레임워크_시연_테라리아_김성용\DefaultWindow\CItem.cpp(183,64): warning C4244: '인수': 'float'에서 'int'(으)로 변환하면서 데이터가 손실될 수 있습니다.
  (소스 파일 '/CItem.cpp'을(를) 컴파일하는 중)
  
C:\Users\rlatj\OneDrive\바탕 화면\수업\시연회\API_프레임워크_시연_테라리아_김성용\DefaultWindow\CItem.cpp(183,41): warning C4244: '인수': 'float'에서 'int'(으)로 변환하면서 데이터가 손실될 수 있습니다.
  (소스 파일 '/CItem.cpp'을(를) 컴파일하는 중)
  
C:\Users\rlatj\OneDrive\바탕 화면\수업\시연회\API_프레임워크_시연_테라리아_김성용\DefaultWindow\CItem.cpp(185,95): warning C4244: '인수': 'float'에서 'int'(으)로 변환하면서 데이터가 손실될 수 있습니다.
  (소스 파일 '/CItem.cpp'을(를) 컴파일하는 중)
  
C:\Users\rlatj\OneDrive\바탕 화면\수업\시연회\API_프레임워크_시연_테라리아_김성용\DefaultWindow\CItem.cpp(185,82): warning C4244: '인수': 'float'에서 'int'(으)로 변환하면서 데이터가 손실될 수 있습니다.
  (소스 파일 '/CItem.cpp'을(를) 컴파일하는 중)
  
C:\Users\rlatj\OneDrive\바탕 화면\수업\시연회\API_프레임워크_시연_테라리아_김성용\DefaultWindow\CItem.cpp(185,64): warning C4244: '인수': 'float'에서 'int'(으)로 변환하면서 데이터가 손실될 수 있습니다.
  (소스 파일 '/CItem.cpp'을(를) 컴파일하는 중)
  
C:\Users\rlatj\OneDrive\바탕 화면\수업\시연회\API_프레임워크_시연_테라리아_김성용\DefaultWindow\CItem.cpp(185,41): warning C4244: '인수': 'float'에서 'int'(으)로 변환하면서 데이터가 손실될 수 있습니다.
  (소스 파일 '/CItem.cpp'을(를) 컴파일하는 중)
  
C:\Users\rlatj\OneDrive\바탕 화면\수업\시연회\API_프레임워크_시연_테라리아_김성용\DefaultWindow\CItem.cpp(187,95): warning C4244: '인수': 'float'에서 'int'(으)로 변환하면서 데이터가 손실될 수 있습니다.
  (소스 파일 '/CItem.cpp'을(를) 컴파일하는 중)
  
C:\Users\rlatj\OneDrive\바탕 화면\수업\시연회\API_프레임워크_시연_테라리아_김성용\DefaultWindow\CItem.cpp(187,82): warning C4244: '인수': 'float'에서 'int'(으)로 변환하면서 데이터가 손실될 수 있습니다.
  (소스 파일 '/CItem.cpp'을(를) 컴파일하는 중)
  
C:\Users\rlatj\OneDrive\바탕 화면\수업\시연회\API_프레임워크_시연_테라리아_김성용\DefaultWindow\CItem.cpp(187,64): warning C4244: '인수': 'float'에서 'int'(으)로 변환하면서 데이터가 손실될 수 있습니다.
  (소스 파일 '/CItem.cpp'을(를) 컴파일하는 중)
  
C:\Users\rlatj\OneDrive\바탕 화면\수업\시연회\API_프레임워크_시연_테라리아_김성용\DefaultWindow\CItem.cpp(187,41): warning C4244: '인수': 'float'에서 'int'(으)로 변환하면서 데이터가 손실될 수 있습니다.
  (소스 파일 '/CItem.cpp'을(를) 컴파일하는 중)
  
C:\Users\rlatj\OneDrive\바탕 화면\수업\시연회\API_프레임워크_시연_테라리아_김성용\DefaultWindow\CItem.cpp(189,95): warning C4244: '인수': 'float'에서 'int'(으)로 변환하면서 데이터가 손실될 수 있습니다.
  (소스 파일 '/CItem.cpp'을(를) 컴파일하는 중)
  
C:\Users\rlatj\OneDrive\바탕 화면\수업\시연회\API_프레임워크_시연_테라리아_김성용\DefaultWindow\CItem.cpp(189,82): warning C4244: '인수': 'float'에서 'int'(으)로 변환하면서 데이터가 손실될 수 있습니다.
  (소스 파일 '/CItem.cpp'을(를) 컴파일하는 중)
  
C:\Users\rlatj\OneDrive\바탕 화면\수업\시연회\API_프레임워크_시연_테라리아_김성용\DefaultWindow\CItem.cpp(189,64): warning C4244: '인수': 'float'에서 'int'(으)로 변환하면서 데이터가 손실될 수 있습니다.
  (소스 파일 '/CItem.cpp'을(를) 컴파일하는 중)
  
C:\Users\rlatj\OneDrive\바탕 화면\수업\시연회\API_프레임워크_시연_테라리아_김성용\DefaultWindow\CItem.cpp(189,41): warning C4244: '인수': 'float'에서 'int'(으)로 변환하면서 데이터가 손실될 수 있습니다.
  (소스 파일 '/CItem.cpp'을(를) 컴파일하는 중)
  
C:\Users\rlatj\OneDrive\바탕 화면\수업\시연회\API_프레임워크_시연_테라리아_김성용\DefaultWindow\CItem.cpp(215,56): warning C4244: '인수': 'float'에서 'int'(으)로 변환하면서 데이터가 손실될 수 있습니다.
  (소스 파일 '/CItem.cpp'을(를) 컴파일하는 중)
  
C:\Users\rlatj\OneDrive\바탕 화면\수업\시연회\API_프레임워크_시연_테라리아_김성용\DefaultWindow\CItem.cpp(215,39): warning C4244: '인수': 'float'에서 'int'(으)로 변환하면서 데이터가 손실될 수 있습니다.
  (소스 파일 '/CItem.cpp'을(를) 컴파일하는 중)
  
C:\Users\rlatj\OneDrive\바탕 화면\수업\시연회\API_프레임워크_시연_테라리아_김성용\DefaultWindow\CItem.cpp(223,75): warning C4244: '인수': 'float'에서 'int'(으)로 변환하면서 데이터가 손실될 수 있습니다.
  (소스 파일 '/CItem.cpp'을(를) 컴파일하는 중)
  
C:\Users\rlatj\OneDrive\바탕 화면\수업\시연회\API_프레임워크_시연_테라리아_김성용\DefaultWindow\CItem.cpp(223,62): warning C4244: '인수': 'float'에서 'int'(으)로 변환하면서 데이터가 손실될 수 있습니다.
  (소스 파일 '/CItem.cpp'을(를) 컴파일하는 중)
  
C:\Users\rlatj\OneDrive\바탕 화면\수업\시연회\API_프레임워크_시연_테라리아_김성용\DefaultWindow\CItem.cpp(227,75): warning C4244: '인수': 'float'에서 'int'(으)로 변환하면서 데이터가 손실될 수 있습니다.
  (소스 파일 '/CItem.cpp'을(를) 컴파일하는 중)
  
C:\Users\rlatj\OneDrive\바탕 화면\수업\시연회\API_프레임워크_시연_테라리아_김성용\DefaultWindow\CItem.cpp(227,62): warning C4244: '인수': 'float'에서 'int'(으)로 변환하면서 데이터가 손실될 수 있습니다.
  (소스 파일 '/CItem.cpp'을(를) 컴파일하는 중)
  
C:\Users\rlatj\OneDrive\바탕 화면\수업\시연회\API_프레임워크_시연_테라리아_김성용\DefaultWindow\CItem.cpp(231,75): warning C4244: '인수': 'float'에서 'int'(으)로 변환하면서 데이터가 손실될 수 있습니다.
  (소스 파일 '/CItem.cpp'을(를) 컴파일하는 중)
  
C:\Users\rlatj\OneDrive\바탕 화면\수업\시연회\API_프레임워크_시연_테라리아_김성용\DefaultWindow\CItem.cpp(231,62): warning C4244: '인수': 'float'에서 'int'(으)로 변환하면서 데이터가 손실될 수 있습니다.
  (소스 파일 '/CItem.cpp'을(를) 컴파일하는 중)
  
C:\Users\rlatj\OneDrive\바탕 화면\수업\시연회\API_프레임워크_시연_테라리아_김성용\DefaultWindow\CItem.cpp(235,75): warning C4244: '인수': 'float'에서 'int'(으)로 변환하면서 데이터가 손실될 수 있습니다.
  (소스 파일 '/CItem.cpp'을(를) 컴파일하는 중)
  
C:\Users\rlatj\OneDrive\바탕 화면\수업\시연회\API_프레임워크_시연_테라리아_김성용\DefaultWindow\CItem.cpp(235,62): warning C4244: '인수': 'float'에서 'int'(으)로 변환하면서 데이터가 손실될 수 있습니다.
  (소스 파일 '/CItem.cpp'을(를) 컴파일하는 중)
  
C:\Users\rlatj\OneDrive\바탕 화면\수업\시연회\API_프레임워크_시연_테라리아_김성용\DefaultWindow\CItem.cpp(243,75): warning C4244: '인수': 'float'에서 'int'(으)로 변환하면서 데이터가 손실될 수 있습니다.
  (소스 파일 '/CItem.cpp'을(를) 컴파일하는 중)
  
C:\Users\rlatj\OneDrive\바탕 화면\수업\시연회\API_프레임워크_시연_테라리아_김성용\DefaultWindow\CItem.cpp(243,62): warning C4244: '인수': 'float'에서 'int'(으)로 변환하면서 데이터가 손실될 수 있습니다.
  (소스 파일 '/CItem.cpp'을(를) 컴파일하는 중)
  
C:\Users\rlatj\OneDrive\바탕 화면\수업\시연회\API_프레임워크_시연_테라리아_김성용\DefaultWindow\CItem.cpp(245,75): warning C4244: '인수': 'float'에서 'int'(으)로 변환하면서 데이터가 손실될 수 있습니다.
  (소스 파일 '/CItem.cpp'을(를) 컴파일하는 중)
  
C:\Users\rlatj\OneDrive\바탕 화면\수업\시연회\API_프레임워크_시연_테라리아_김성용\DefaultWindow\CItem.cpp(245,62): warning C4244: '인수': 'float'에서 'int'(으)로 변환하면서 데이터가 손실될 수 있습니다.
  (소스 파일 '/CItem.cpp'을(를) 컴파일하는 중)
  
C:\Users\rlatj\OneDrive\바탕 화면\수업\시연회\API_프레임워크_시연_테라리아_김성용\DefaultWindow\CItem.cpp(247,75): warning C4244: '인수': 'float'에서 'int'(으)로 변환하면서 데이터가 손실될 수 있습니다.
  (소스 파일 '/CItem.cpp'을(를) 컴파일하는 중)
  
C:\Users\rlatj\OneDrive\바탕 화면\수업\시연회\API_프레임워크_시연_테라리아_김성용\DefaultWindow\CItem.cpp(247,62): warning C4244: '인수': 'float'에서 'int'(으)로 변환하면서 데이터가 손실될 수 있습니다.
  (소스 파일 '/CItem.cpp'을(를) 컴파일하는 중)
  
C:\Users\rlatj\OneDrive\바탕 화면\수업\시연회\API_프레임워크_시연_테라리아_김성용\DefaultWindow\CItem.cpp(249,75): warning C4244: '인수': 'float'에서 'int'(으)로 변환하면서 데이터가 손실될 수 있습니다.
  (소스 파일 '/CItem.cpp'을(를) 컴파일하는 중)
  
C:\Users\rlatj\OneDrive\바탕 화면\수업\시연회\API_프레임워크_시연_테라리아_김성용\DefaultWindow\CItem.cpp(249,62): warning C4244: '인수': 'float'에서 'int'(으)로 변환하면서 데이터가 손실될 수 있습니다.
  (소스 파일 '/CItem.cpp'을(를) 컴파일하는 중)
  
C:\Users\rlatj\OneDrive\바탕 화면\수업\시연회\API_프레임워크_시연_테라리아_김성용\DefaultWindow\CItem.cpp(251,75): warning C4244: '인수': 'float'에서 'int'(으)로 변환하면서 데이터가 손실될 수 있습니다.
  (소스 파일 '/CItem.cpp'을(를) 컴파일하는 중)
  
C:\Users\rlatj\OneDrive\바탕 화면\수업\시연회\API_프레임워크_시연_테라리아_김성용\DefaultWindow\CItem.cpp(251,62): warning C4244: '인수': 'float'에서 'int'(으)로 변환하면서 데이터가 손실될 수 있습니다.
  (소스 파일 '/CItem.cpp'을(를) 컴파일하는 중)
  
C:\Users\rlatj\OneDrive\바탕 화면\수업\시연회\API_프레임워크_시연_테라리아_김성용\DefaultWindow\CItem.cpp(305,55): warning C4244: '인수': 'float'에서 'int'(으)로 변환하면서 데이터가 손실될 수 있습니다.
  (소스 파일 '/CItem.cpp'을(를) 컴파일하는 중)
  
C:\Users\rlatj\OneDrive\바탕 화면\수업\시연회\API_프레임워크_시연_테라리아_김성용\DefaultWindow\CItem.cpp(305,38): warning C4244: '인수': 'float'에서 'int'(으)로 변환하면서 데이터가 손실될 수 있습니다.
  (소스 파일 '/CItem.cpp'을(를) 컴파일하는 중)
  
C:\Users\rlatj\OneDrive\바탕 화면\수업\시연회\API_프레임워크_시연_테라리아_김성용\DefaultWindow\CItem.cpp(313,74): warning C4244: '인수': 'float'에서 'int'(으)로 변환하면서 데이터가 손실될 수 있습니다.
  (소스 파일 '/CItem.cpp'을(를) 컴파일하는 중)
  
C:\Users\rlatj\OneDrive\바탕 화면\수업\시연회\API_프레임워크_시연_테라리아_김성용\DefaultWindow\CItem.cpp(313,61): warning C4244: '인수': 'float'에서 'int'(으)로 변환하면서 데이터가 손실될 수 있습니다.
  (소스 파일 '/CItem.cpp'을(를) 컴파일하는 중)
  
C:\Users\rlatj\OneDrive\바탕 화면\수업\시연회\API_프레임워크_시연_테라리아_김성용\DefaultWindow\CItem.cpp(317,74): warning C4244: '인수': 'float'에서 'int'(으)로 변환하면서 데이터가 손실될 수 있습니다.
  (소스 파일 '/CItem.cpp'을(를) 컴파일하는 중)
  
C:\Users\rlatj\OneDrive\바탕 화면\수업\시연회\API_프레임워크_시연_테라리아_김성용\DefaultWindow\CItem.cpp(317,61): warning C4244: '인수': 'float'에서 'int'(으)로 변환하면서 데이터가 손실될 수 있습니다.
  (소스 파일 '/CItem.cpp'을(를) 컴파일하는 중)
  
C:\Users\rlatj\OneDrive\바탕 화면\수업\시연회\API_프레임워크_시연_테라리아_김성용\DefaultWindow\CItem.cpp(321,74): warning C4244: '인수': 'float'에서 'int'(으)로 변환하면서 데이터가 손실될 수 있습니다.
  (소스 파일 '/CItem.cpp'을(를) 컴파일하는 중)
  
C:\Users\rlatj\OneDrive\바탕 화면\수업\시연회\API_프레임워크_시연_테라리아_김성용\DefaultWindow\CItem.cpp(321,61): warning C4244: '인수': 'float'에서 'int'(으)로 변환하면서 데이터가 손실될 수 있습니다.
  (소스 파일 '/CItem.cpp'을(를) 컴파일하는 중)
  
C:\Users\rlatj\OneDrive\바탕 화면\수업\시연회\API_프레임워크_시연_테라리아_김성용\DefaultWindow\CItem.cpp(325,74): warning C4244: '인수': 'float'에서 'int'(으)로 변환하면서 데이터가 손실될 수 있습니다.
  (소스 파일 '/CItem.cpp'을(를) 컴파일하는 중)
  
C:\Users\rlatj\OneDrive\바탕 화면\수업\시연회\API_프레임워크_시연_테라리아_김성용\DefaultWindow\CItem.cpp(325,61): warning C4244: '인수': 'float'에서 'int'(으)로 변환하면서 데이터가 손실될 수 있습니다.
  (소스 파일 '/CItem.cpp'을(를) 컴파일하는 중)
  
C:\Users\rlatj\OneDrive\바탕 화면\수업\시연회\API_프레임워크_시연_테라리아_김성용\DefaultWindow\CItem.cpp(333,74): warning C4244: '인수': 'float'에서 'int'(으)로 변환하면서 데이터가 손실될 수 있습니다.
  (소스 파일 '/CItem.cpp'을(를) 컴파일하는 중)
  
C:\Users\rlatj\OneDrive\바탕 화면\수업\시연회\API_프레임워크_시연_테라리아_김성용\DefaultWindow\CItem.cpp(333,61): warning C4244: '인수': 'float'에서 'int'(으)로 변환하면서 데이터가 손실될 수 있습니다.
  (소스 파일 '/CItem.cpp'을(를) 컴파일하는 중)
  
C:\Users\rlatj\OneDrive\바탕 화면\수업\시연회\API_프레임워크_시연_테라리아_김성용\DefaultWindow\CItem.cpp(335,74): warning C4244: '인수': 'float'에서 'int'(으)로 변환하면서 데이터가 손실될 수 있습니다.
  (소스 파일 '/CItem.cpp'을(를) 컴파일하는 중)
  
C:\Users\rlatj\OneDrive\바탕 화면\수업\시연회\API_프레임워크_시연_테라리아_김성용\DefaultWindow\CItem.cpp(335,61): warning C4244: '인수': 'float'에서 'int'(으)로 변환하면서 데이터가 손실될 수 있습니다.
  (소스 파일 '/CItem.cpp'을(를) 컴파일하는 중)
  
C:\Users\rlatj\OneDrive\바탕 화면\수업\시연회\API_프레임워크_시연_테라리아_김성용\DefaultWindow\CItem.cpp(337,74): warning C4244: '인수': 'float'에서 'int'(으)로 변환하면서 데이터가 손실될 수 있습니다.
  (소스 파일 '/CItem.cpp'을(를) 컴파일하는 중)
  
C:\Users\rlatj\OneDrive\바탕 화면\수업\시연회\API_프레임워크_시연_테라리아_김성용\DefaultWindow\CItem.cpp(337,61): warning C4244: '인수': 'float'에서 'int'(으)로 변환하면서 데이터가 손실될 수 있습니다.
  (소스 파일 '/CItem.cpp'을(를) 컴파일하는 중)
  
C:\Users\rlatj\OneDrive\바탕 화면\수업\시연회\API_프레임워크_시연_테라리아_김성용\DefaultWindow\CItem.cpp(339,74): warning C4244: '인수': 'float'에서 'int'(으)로 변환하면서 데이터가 손실될 수 있습니다.
  (소스 파일 '/CItem.cpp'을(를) 컴파일하는 중)
  
C:\Users\rlatj\OneDrive\바탕 화면\수업\시연회\API_프레임워크_시연_테라리아_김성용\DefaultWindow\CItem.cpp(339,61): warning C4244: '인수': 'float'에서 'int'(으)로 변환하면서 데이터가 손실될 수 있습니다.
  (소스 파일 '/CItem.cpp'을(를) 컴파일하는 중)
  
C:\Users\rlatj\OneDrive\바탕 화면\수업\시연회\API_프레임워크_시연_테라리아_김성용\DefaultWindow\CItem.cpp(341,74): warning C4244: '인수': 'float'에서 'int'(으)로 변환하면서 데이터가 손실될 수 있습니다.
  (소스 파일 '/CItem.cpp'을(를) 컴파일하는 중)
  
C:\Users\rlatj\OneDrive\바탕 화면\수업\시연회\API_프레임워크_시연_테라리아_김성용\DefaultWindow\CItem.cpp(341,61): warning C4244: '인수': 'float'에서 'int'(으)로 변환하면서 데이터가 손실될 수 있습니다.
  (소스 파일 '/CItem.cpp'을(를) 컴파일하는 중)
  
C:\Users\rlatj\OneDrive\바탕 화면\수업\시연회\API_프레임워크_시연_테라리아_김성용\DefaultWindow\CItem.cpp(389,39): warning C4244: '인수': 'float'에서 'int'(으)로 변환하면서 데이터가 손실될 수 있습니다.
  (소스 파일 '/CItem.cpp'을(를) 컴파일하는 중)
  
C:\Users\rlatj\OneDrive\바탕 화면\수업\시연회\API_프레임워크_시연_테라리아_김성용\DefaultWindow\CItem.cpp(389,27): warning C4244: '인수': 'float'에서 'int'(으)로 변환하면서 데이터가 손실될 수 있습니다.
  (소스 파일 '/CItem.cpp'을(를) 컴파일하는 중)
  
C:\Users\rlatj\OneDrive\바탕 화면\수업\시연회\API_프레임워크_시연_테라리아_김성용\DefaultWindow\CItem.cpp(391,53): warning C4244: '인수': 'float'에서 'int'(으)로 변환하면서 데이터가 손실될 수 있습니다.
  (소스 파일 '/CItem.cpp'을(를) 컴파일하는 중)
  
C:\Users\rlatj\OneDrive\바탕 화면\수업\시연회\API_프레임워크_시연_테라리아_김성용\DefaultWindow\CItem.cpp(391,31): warning C4244: '인수': 'float'에서 'int'(으)로 변환하면서 데이터가 손실될 수 있습니다.
  (소스 파일 '/CItem.cpp'을(를) 컴파일하는 중)
  
C:\Users\rlatj\OneDrive\바탕 화면\수업\시연회\API_프레임워크_시연_테라리아_김성용\DefaultWindow\CItem.cpp(404,39): warning C4244: '인수': 'float'에서 'int'(으)로 변환하면서 데이터가 손실될 수 있습니다.
  (소스 파일 '/CItem.cpp'을(를) 컴파일하는 중)
  
C:\Users\rlatj\OneDrive\바탕 화면\수업\시연회\API_프레임워크_시연_테라리아_김성용\DefaultWindow\CItem.cpp(404,27): warning C4244: '인수': 'float'에서 'int'(으)로 변환하면서 데이터가 손실될 수 있습니다.
  (소스 파일 '/CItem.cpp'을(를) 컴파일하는 중)
  
C:\Users\rlatj\OneDrive\바탕 화면\수업\시연회\API_프레임워크_시연_테라리아_김성용\DefaultWindow\CItem.cpp(406,53): warning C4244: '인수': 'float'에서 'int'(으)로 변환하면서 데이터가 손실될 수 있습니다.
  (소스 파일 '/CItem.cpp'을(를) 컴파일하는 중)
  
C:\Users\rlatj\OneDrive\바탕 화면\수업\시연회\API_프레임워크_시연_테라리아_김성용\DefaultWindow\CItem.cpp(406,31): warning C4244: '인수': 'float'에서 'int'(으)로 변환하면서 데이터가 손실될 수 있습니다.
  (소스 파일 '/CItem.cpp'을(를) 컴파일하는 중)
  
  CKeyMgr.cpp
C:\Users\rlatj\OneDrive\바탕 화면\수업\시연회\API_프레임워크_시연_테라리아_김성용\DefaultWindow\Define.h(60,2): warning C4091: 'typedef ': 변수를 선언하지 않으면 'Vector2D' 왼쪽은 무시됩니다.
  (소스 파일 '/CKeyMgr.cpp'을(를) 컴파일하는 중)
  
  CMainMenu.cpp
C:\Users\rlatj\OneDrive\바탕 화면\수업\시연회\API_프레임워크_시연_테라리아_김성용\DefaultWindow\define.h(60,2): warning C4091: 'typedef ': 변수를 선언하지 않으면 'Vector2D' 왼쪽은 무시됩니다.
  (소스 파일 '/CMainMenu.cpp'을(를) 컴파일하는 중)
  
  CMelee.cpp
C:\Users\rlatj\OneDrive\바탕 화면\수업\시연회\API_프레임워크_시연_테라리아_김성용\DefaultWindow\define.h(60,2): warning C4091: 'typedef ': 변수를 선언하지 않으면 'Vector2D' 왼쪽은 무시됩니다.
  (소스 파일 '/CMelee.cpp'을(를) 컴파일하는 중)
  
  코드를 생성하고 있습니다...
  컴파일하고 있습니다...
  CMessage.cpp
C:\Users\rlatj\OneDrive\바탕 화면\수업\시연회\API_프레임워크_시연_테라리아_김성용\DefaultWindow\Define.h(60,2): warning C4091: 'typedef ': 변수를 선언하지 않으면 'Vector2D' 왼쪽은 무시됩니다.
  (소스 파일 '/CMessage.cpp'을(를) 컴파일하는 중)
  
C:\Users\rlatj\OneDrive\바탕 화면\수업\시연회\API_프레임워크_시연_테라리아_김성용\DefaultWindow\CMessage.cpp(91,11): warning C4244: '인수': 'float'에서 'int'(으)로 변환하면서 데이터가 손실될 수 있습니다.
  (소스 파일 '/CMessage.cpp'을(를) 컴파일하는 중)
  
C:\Users\rlatj\OneDrive\바탕 화면\수업\시연회\API_프레임워크_시연_테라리아_김성용\DefaultWindow\CMessage.cpp(90,11): warning C4244: '인수': 'float'에서 'int'(으)로 변환하면서 데이터가 손실될 수 있습니다.
  (소스 파일 '/CMessage.cpp'을(를) 컴파일하는 중)
  
C:\Users\rlatj\OneDrive\바탕 화면\수업\시연회\API_프레임워크_시연_테라리아_김성용\DefaultWindow\CMessage.cpp(102,39): warning C4244: '인수': 'float'에서 'int'(으)로 변환하면서 데이터가 손실될 수 있습니다.
  (소스 파일 '/CMessage.cpp'을(를) 컴파일하는 중)
  
C:\Users\rlatj\OneDrive\바탕 화면\수업\시연회\API_프레임워크_시연_테라리아_김성용\DefaultWindow\CMessage.cpp(102,23): warning C4244: '인수': 'float'에서 'int'(으)로 변환하면서 데이터가 손실될 수 있습니다.
  (소스 파일 '/CMessage.cpp'을(를) 컴파일하는 중)
  
C:\Users\rlatj\OneDrive\바탕 화면\수업\시연회\API_프레임워크_시연_테라리아_김성용\DefaultWindow\CMessage.cpp(114,11): warning C4244: '인수': 'float'에서 'int'(으)로 변환하면서 데이터가 손실될 수 있습니다.
  (소스 파일 '/CMessage.cpp'을(를) 컴파일하는 중)
  
C:\Users\rlatj\OneDrive\바탕 화면\수업\시연회\API_프레임워크_시연_테라리아_김성용\DefaultWindow\CMessage.cpp(113,11): warning C4244: '인수': 'float'에서 'int'(으)로 변환하면서 데이터가 손실될 수 있습니다.
  (소스 파일 '/CMessage.cpp'을(를) 컴파일하는 중)
  
C:\Users\rlatj\OneDrive\바탕 화면\수업\시연회\API_프레임워크_시연_테라리아_김성용\DefaultWindow\CMessage.cpp(112,11): warning C4244: '인수': 'float'에서 'int'(으)로 변환하면서 데이터가 손실될 수 있습니다.
  (소스 파일 '/CMessage.cpp'을(를) 컴파일하는 중)
  
C:\Users\rlatj\OneDrive\바탕 화면\수업\시연회\API_프레임워크_시연_테라리아_김성용\DefaultWindow\CMessage.cpp(111,11): warning C4244: '인수': 'float'에서 'int'(으)로 변환하면서 데이터가 손실될 수 있습니다.
  (소스 파일 '/CMessage.cpp'을(를) 컴파일하는 중)
  
C:\Users\rlatj\OneDrive\바탕 화면\수업\시연회\API_프레임워크_시연_테라리아_김성용\DefaultWindow\CMessage.cpp(126,43): warning C4244: '인수': 'float'에서 'int'(으)로 변환하면서 데이터가 손실될 수 있습니다.
  (소스 파일 '/CMessage.cpp'을(를) 컴파일하는 중)
  
C:\Users\rlatj\OneDrive\바탕 화면\수업\시연회\API_프레임워크_시연_테라리아_김성용\DefaultWindow\CMessage.cpp(126,27): warning C4244: '인수': 'float'에서 'int'(으)로 변환하면서 데이터가 손실될 수 있습니다.
  (소스 파일 '/CMessage.cpp'을(를) 컴파일하는 중)
  
  CMissile.cpp
C:\Users\rlatj\OneDrive\바탕 화면\수업\시연회\API_프레임워크_시연_테라리아_김성용\DefaultWindow\define.h(60,2): warning C4091: 'typedef ': 변수를 선언하지 않으면 'Vector2D' 왼쪽은 무시됩니다.
  (소스 파일 '/CMissile.cpp'을(를) 컴파일하는 중)
  
C:\Users\rlatj\OneDrive\바탕 화면\수업\시연회\API_프레임워크_시연_테라리아_김성용\DefaultWindow\CMissile.cpp(84,99): warning C4244: '인수': 'float'에서 'int'(으)로 변환하면서 데이터가 손실될 수 있습니다.
  (소스 파일 '/CMissile.cpp'을(를) 컴파일하는 중)
  
C:\Users\rlatj\OneDrive\바탕 화면\수업\시연회\API_프레임워크_시연_테라리아_김성용\DefaultWindow\CMissile.cpp(84,86): warning C4244: '인수': 'float'에서 'int'(으)로 변환하면서 데이터가 손실될 수 있습니다.
  (소스 파일 '/CMissile.cpp'을(를) 컴파일하는 중)
  
C:\Users\rlatj\OneDrive\바탕 화면\수업\시연회\API_프레임워크_시연_테라리아_김성용\DefaultWindow\CMissile.cpp(84,68): warning C4244: '인수': 'float'에서 'int'(으)로 변환하면서 데이터가 손실될 수 있습니다.
  (소스 파일 '/CMissile.cpp'을(를) 컴파일하는 중)
  
C:\Users\rlatj\OneDrive\바탕 화면\수업\시연회\API_프레임워크_시연_테라리아_김성용\DefaultWindow\CMissile.cpp(84,45): warning C4244: '인수': 'float'에서 'int'(으)로 변환하면서 데이터가 손실될 수 있습니다.
  (소스 파일 '/CMissile.cpp'을(를) 컴파일하는 중)
  
C:\Users\rlatj\OneDrive\바탕 화면\수업\시연회\API_프레임워크_시연_테라리아_김성용\DefaultWindow\CMissile.cpp(95,99): warning C4244: '인수': 'float'에서 'int'(으)로 변환하면서 데이터가 손실될 수 있습니다.
  (소스 파일 '/CMissile.cpp'을(를) 컴파일하는 중)
  
C:\Users\rlatj\OneDrive\바탕 화면\수업\시연회\API_프레임워크_시연_테라리아_김성용\DefaultWindow\CMissile.cpp(95,86): warning C4244: '인수': 'float'에서 'int'(으)로 변환하면서 데이터가 손실될 수 있습니다.
  (소스 파일 '/CMissile.cpp'을(를) 컴파일하는 중)
  
C:\Users\rlatj\OneDrive\바탕 화면\수업\시연회\API_프레임워크_시연_테라리아_김성용\DefaultWindow\CMissile.cpp(95,68): warning C4244: '인수': 'float'에서 'int'(으)로 변환하면서 데이터가 손실될 수 있습니다.
  (소스 파일 '/CMissile.cpp'을(를) 컴파일하는 중)
  
C:\Users\rlatj\OneDrive\바탕 화면\수업\시연회\API_프레임워크_시연_테라리아_김성용\DefaultWindow\CMissile.cpp(95,45): warning C4244: '인수': 'float'에서 'int'(으)로 변환하면서 데이터가 손실될 수 있습니다.
  (소스 파일 '/CMissile.cpp'을(를) 컴파일하는 중)
  
C:\Users\rlatj\OneDrive\바탕 화면\수업\시연회\API_프레임워크_시연_테라리아_김성용\DefaultWindow\CMissile.cpp(104,99): warning C4244: '인수': 'float'에서 'int'(으)로 변환하면서 데이터가 손실될 수 있습니다.
  (소스 파일 '/CMissile.cpp'을(를) 컴파일하는 중)
  
C:\Users\rlatj\OneDrive\바탕 화면\수업\시연회\API_프레임워크_시연_테라리아_김성용\DefaultWindow\CMissile.cpp(104,86): warning C4244: '인수': 'float'에서 'int'(으)로 변환하면서 데이터가 손실될 수 있습니다.
  (소스 파일 '/CMissile.cpp'을(를) 컴파일하는 중)
  
C:\Users\rlatj\OneDrive\바탕 화면\수업\시연회\API_프레임워크_시연_테라리아_김성용\DefaultWindow\CMissile.cpp(104,68): warning C4244: '인수': 'float'에서 'int'(으)로 변환하면서 데이터가 손실될 수 있습니다.
  (소스 파일 '/CMissile.cpp'을(를) 컴파일하는 중)
  
C:\Users\rlatj\OneDrive\바탕 화면\수업\시연회\API_프레임워크_시연_테라리아_김성용\DefaultWindow\CMissile.cpp(104,45): warning C4244: '인수': 'float'에서 'int'(으)로 변환하면서 데이터가 손실될 수 있습니다.
  (소스 파일 '/CMissile.cpp'을(를) 컴파일하는 중)
  
  CMonster.cpp
C:\Users\rlatj\OneDrive\바탕 화면\수업\시연회\API_프레임워크_시연_테라리아_김성용\DefaultWindow\Define.h(60,2): warning C4091: 'typedef ': 변수를 선언하지 않으면 'Vector2D' 왼쪽은 무시됩니다.
  (소스 파일 '/CMonster.cpp'을(를) 컴파일하는 중)
  
C:\Users\rlatj\OneDrive\바탕 화면\수업\시연회\API_프레임워크_시연_테라리아_김성용\DefaultWindow\CMonster.cpp(107,31): warning C4244: '=': 'int'에서 'float'(으)로 변환하면서 데이터가 손실될 수 있습니다.
  (소스 파일 '/CMonster.cpp'을(를) 컴파일하는 중)
  
C:\Users\rlatj\OneDrive\바탕 화면\수업\시연회\API_프레임워크_시연_테라리아_김성용\DefaultWindow\CMonster.cpp(108,31): warning C4244: '=': 'int'에서 'float'(으)로 변환하면서 데이터가 손실될 수 있습니다.
  (소스 파일 '/CMonster.cpp'을(를) 컴파일하는 중)
  
C:\Users\rlatj\OneDrive\바탕 화면\수업\시연회\API_프레임워크_시연_테라리아_김성용\DefaultWindow\CMonster.cpp(191,34): warning C4305: '-=': 'double'에서 'float'(으)로 잘립니다.
  (소스 파일 '/CMonster.cpp'을(를) 컴파일하는 중)
  
C:\Users\rlatj\OneDrive\바탕 화면\수업\시연회\API_프레임워크_시연_테라리아_김성용\DefaultWindow\CMonster.cpp(193,34): warning C4305: '+=': 'double'에서 'float'(으)로 잘립니다.
  (소스 파일 '/CMonster.cpp'을(를) 컴파일하는 중)
  
C:\Users\rlatj\OneDrive\바탕 화면\수업\시연회\API_프레임워크_시연_테라리아_김성용\DefaultWindow\CMonster.cpp(305,196): warning C4244: '인수': 'float'에서 'int'(으)로 변환하면서 데이터가 손실될 수 있습니다.
  (소스 파일 '/CMonster.cpp'을(를) 컴파일하는 중)
  
C:\Users\rlatj\OneDrive\바탕 화면\수업\시연회\API_프레임워크_시연_테라리아_김성용\DefaultWindow\CMonster.cpp(305,182): warning C4244: '인수': 'float'에서 'int'(으)로 변환하면서 데이터가 손실될 수 있습니다.
  (소스 파일 '/CMonster.cpp'을(를) 컴파일하는 중)
  
C:\Users\rlatj\OneDrive\바탕 화면\수업\시연회\API_프레임워크_시연_테라리아_김성용\DefaultWindow\CMonster.cpp(305,163): warning C4244: '인수': 'float'에서 'int'(으)로 변환하면서 데이터가 손실될 수 있습니다.
  (소스 파일 '/CMonster.cpp'을(를) 컴파일하는 중)
  
C:\Users\rlatj\OneDrive\바탕 화면\수업\시연회\API_프레임워크_시연_테라리아_김성용\DefaultWindow\CMonster.cpp(305,136): warning C4244: '인수': 'float'에서 'int'(으)로 변환하면서 데이터가 손실될 수 있습니다.
  (소스 파일 '/CMonster.cpp'을(를) 컴파일하는 중)
  
C:\Users\rlatj\OneDrive\바탕 화면\수업\시연회\API_프레임워크_시연_테라리아_김성용\DefaultWindow\CMonster.cpp(305,111): warning C4244: '인수': 'float'에서 'int'(으)로 변환하면서 데이터가 손실될 수 있습니다.
  (소스 파일 '/CMonster.cpp'을(를) 컴파일하는 중)
  
C:\Users\rlatj\OneDrive\바탕 화면\수업\시연회\API_프레임워크_시연_테라리아_김성용\DefaultWindow\CMonster.cpp(305,97): warning C4244: '인수': 'float'에서 'int'(으)로 변환하면서 데이터가 손실될 수 있습니다.
  (소스 파일 '/CMonster.cpp'을(를) 컴파일하는 중)
  
C:\Users\rlatj\OneDrive\바탕 화면\수업\시연회\API_프레임워크_시연_테라리아_김성용\DefaultWindow\CMonster.cpp(305,78): warning C4244: '인수': 'float'에서 'int'(으)로 변환하면서 데이터가 손실될 수 있습니다.
  (소스 파일 '/CMonster.cpp'을(를) 컴파일하는 중)
  
C:\Users\rlatj\OneDrive\바탕 화면\수업\시연회\API_프레임워크_시연_테라리아_김성용\DefaultWindow\CMonster.cpp(305,50): warning C4244: '인수': 'float'에서 'int'(으)로 변환하면서 데이터가 손실될 수 있습니다.
  (소스 파일 '/CMonster.cpp'을(를) 컴파일하는 중)
  
C:\Users\rlatj\OneDrive\바탕 화면\수업\시연회\API_프레임워크_시연_테라리아_김성용\DefaultWindow\CMonster.cpp(335,192): warning C4244: '인수': 'float'에서 'int'(으)로 변환하면서 데이터가 손실될 수 있습니다.
  (소스 파일 '/CMonster.cpp'을(를) 컴파일하는 중)
  
C:\Users\rlatj\OneDrive\바탕 화면\수업\시연회\API_프레임워크_시연_테라리아_김성용\DefaultWindow\CMonster.cpp(335,178): warning C4244: '인수': 'float'에서 'int'(으)로 변환하면서 데이터가 손실될 수 있습니다.
  (소스 파일 '/CMonster.cpp'을(를) 컴파일하는 중)
  
C:\Users\rlatj\OneDrive\바탕 화면\수업\시연회\API_프레임워크_시연_테라리아_김성용\DefaultWindow\CMonster.cpp(335,159): warning C4244: '인수': 'float'에서 'int'(으)로 변환하면서 데이터가 손실될 수 있습니다.
  (소스 파일 '/CMonster.cpp'을(를) 컴파일하는 중)
  
C:\Users\rlatj\OneDrive\바탕 화면\수업\시연회\API_프레임워크_시연_테라리아_김성용\DefaultWindow\CMonster.cpp(335,132): warning C4244: '인수': 'float'에서 'int'(으)로 변환하면서 데이터가 손실될 수 있습니다.
  (소스 파일 '/CMonster.cpp'을(를) 컴파일하는 중)
  
C:\Users\rlatj\OneDrive\바탕 화면\수업\시연회\API_프레임워크_시연_테라리아_김성용\DefaultWindow\CMonster.cpp(335,107): warning C4244: '인수': 'float'에서 'int'(으)로 변환하면서 데이터가 손실될 수 있습니다.
  (소스 파일 '/CMonster.cpp'을(를) 컴파일하는 중)
  
C:\Users\rlatj\OneDrive\바탕 화면\수업\시연회\API_프레임워크_시연_테라리아_김성용\DefaultWindow\CMonster.cpp(335,93): warning C4244: '인수': 'float'에서 'int'(으)로 변환하면서 데이터가 손실될 수 있습니다.
  (소스 파일 '/CMonster.cpp'을(를) 컴파일하는 중)
  
C:\Users\rlatj\OneDrive\바탕 화면\수업\시연회\API_프레임워크_시연_테라리아_김성용\DefaultWindow\CMonster.cpp(335,74): warning C4244: '인수': 'float'에서 'int'(으)로 변환하면서 데이터가 손실될 수 있습니다.
  (소스 파일 '/CMonster.cpp'을(를) 컴파일하는 중)
  
C:\Users\rlatj\OneDrive\바탕 화면\수업\시연회\API_프레임워크_시연_테라리아_김성용\DefaultWindow\CMonster.cpp(335,46): warning C4244: '인수': 'float'에서 'int'(으)로 변환하면서 데이터가 손실될 수 있습니다.
  (소스 파일 '/CMonster.cpp'을(를) 컴파일하는 중)
  
C:\Users\rlatj\OneDrive\바탕 화면\수업\시연회\API_프레임워크_시연_테라리아_김성용\DefaultWindow\CMonster.cpp(348,127): warning C4244: '인수': 'int'에서 'float'(으)로 변환하면서 데이터가 손실될 수 있습니다.
  (소스 파일 '/CMonster.cpp'을(를) 컴파일하는 중)
  
C:\Users\rlatj\OneDrive\바탕 화면\수업\시연회\API_프레임워크_시연_테라리아_김성용\DefaultWindow\CMonster.cpp(363,127): warning C4244: '인수': 'int'에서 'float'(으)로 변환하면서 데이터가 손실될 수 있습니다.
  (소스 파일 '/CMonster.cpp'을(를) 컴파일하는 중)
  
C:\Users\rlatj\OneDrive\바탕 화면\수업\시연회\API_프레임워크_시연_테라리아_김성용\DefaultWindow\CMonster.cpp(372,127): warning C4244: '인수': 'int'에서 'float'(으)로 변환하면서 데이터가 손실될 수 있습니다.
  (소스 파일 '/CMonster.cpp'을(를) 컴파일하는 중)
  
  CMouse.cpp
C:\Users\rlatj\OneDrive\바탕 화면\수업\시연회\API_프레임워크_시연_테라리아_김성용\DefaultWindow\define.h(60,2): warning C4091: 'typedef ': 변수를 선언하지 않으면 'Vector2D' 왼쪽은 무시됩니다.
  (소스 파일 '/CMouse.cpp'을(를) 컴파일하는 중)
  
C:\Users\rlatj\OneDrive\바탕 화면\수업\시연회\API_프레임워크_시연_테라리아_김성용\DefaultWindow\CMouse.cpp(22,17): warning C4244: '=': 'LONG'에서 'float'(으)로 변환하면서 데이터가 손실될 수 있습니다.
  (소스 파일 '/CMouse.cpp'을(를) 컴파일하는 중)
  
C:\Users\rlatj\OneDrive\바탕 화면\수업\시연회\API_프레임워크_시연_테라리아_김성용\DefaultWindow\CMouse.cpp(23,17): warning C4244: '=': 'LONG'에서 'float'(으)로 변환하면서 데이터가 손실될 수 있습니다.
  (소스 파일 '/CMouse.cpp'을(를) 컴파일하는 중)
  
C:\Users\rlatj\OneDrive\바탕 화면\수업\시연회\API_프레임워크_시연_테라리아_김성용\DefaultWindow\CMouse.cpp(36,10): warning C4244: '인수': 'float'에서 'int'(으)로 변환하면서 데이터가 손실될 수 있습니다.
  (소스 파일 '/CMouse.cpp'을(를) 컴파일하는 중)
  
C:\Users\rlatj\OneDrive\바탕 화면\수업\시연회\API_프레임워크_시연_테라리아_김성용\DefaultWindow\CMouse.cpp(35,10): warning C4244: '인수': 'float'에서 'int'(으)로 변환하면서 데이터가 손실될 수 있습니다.
  (소스 파일 '/CMouse.cpp'을(를) 컴파일하는 중)
  
  CMyBmp.cpp
C:\Users\rlatj\OneDrive\바탕 화면\수업\시연회\API_프레임워크_시연_테라리아_김성용\DefaultWindow\define.h(60,2): warning C4091: 'typedef ': 변수를 선언하지 않으면 'Vector2D' 왼쪽은 무시됩니다.
  (소스 파일 '/CMyBmp.cpp'을(를) 컴파일하는 중)
  
  CNumber.cpp
C:\Users\rlatj\OneDrive\바탕 화면\수업\시연회\API_프레임워크_시연_테라리아_김성용\DefaultWindow\Define.h(60,2): warning C4091: 'typedef ': 변수를 선언하지 않으면 'Vector2D' 왼쪽은 무시됩니다.
  (소스 파일 '/CNumber.cpp'을(를) 컴파일하는 중)
  
C:\Users\rlatj\OneDrive\바탕 화면\수업\시연회\API_프레임워크_시연_테라리아_김성용\DefaultWindow\CNumber.cpp(58,52): warning C4244: '인수': 'float'에서 'int'(으)로 변환하면서 데이터가 손실될 수 있습니다.
  (소스 파일 '/CNumber.cpp'을(를) 컴파일하는 중)
  
C:\Users\rlatj\OneDrive\바탕 화면\수업\시연회\API_프레임워크_시연_테라리아_김성용\DefaultWindow\CNumber.cpp(58,28): warning C4244: '인수': 'float'에서 'int'(으)로 변환하면서 데이터가 손실될 수 있습니다.
  (소스 파일 '/CNumber.cpp'을(를) 컴파일하는 중)
  
  CObjMgr.cpp
C:\Users\rlatj\OneDrive\바탕 화면\수업\시연회\API_프레임워크_시연_테라리아_김성용\DefaultWindow\define.h(60,2): warning C4091: 'typedef ': 변수를 선언하지 않으면 'Vector2D' 왼쪽은 무시됩니다.
  (소스 파일 '/CObjMgr.cpp'을(를) 컴파일하는 중)
  
  CScene.cpp
C:\Users\rlatj\OneDrive\바탕 화면\수업\시연회\API_프레임워크_시연_테라리아_김성용\DefaultWindow\define.h(60,2): warning C4091: 'typedef ': 변수를 선언하지 않으면 'Vector2D' 왼쪽은 무시됩니다.
  (소스 파일 '/CScene.cpp'을(를) 컴파일하는 중)
  
  CSceneMgr.cpp
C:\Users\rlatj\OneDrive\바탕 화면\수업\시연회\API_프레임워크_시연_테라리아_김성용\DefaultWindow\define.h(60,2): warning C4091: 'typedef ': 변수를 선언하지 않으면 'Vector2D' 왼쪽은 무시됩니다.
  (소스 파일 '/CSceneMgr.cpp'을(를) 컴파일하는 중)
  
  CScrollMgr.cpp
C:\Users\rlatj\OneDrive\바탕 화면\수업\시연회\API_프레임워크_시연_테라리아_김성용\DefaultWindow\Define.h(60,2): warning C4091: 'typedef ': 변수를 선언하지 않으면 'Vector2D' 왼쪽은 무시됩니다.
  (소스 파일 '/CScrollMgr.cpp'을(를) 컴파일하는 중)
  
  CSoundMgr.cpp
C:\Users\rlatj\OneDrive\바탕 화면\수업\시연회\API_프레임워크_시연_테라리아_김성용\DefaultWindow\Define.h(60,2): warning C4091: 'typedef ': 변수를 선언하지 않으면 'Vector2D' 왼쪽은 무시됩니다.
  (소스 파일 '/CSoundMgr.cpp'을(를) 컴파일하는 중)
  
C:\Users\rlatj\OneDrive\바탕 화면\수업\시연회\API_프레임워크_시연_테라리아_김성용\DefaultWindow\CSoundMgr.cpp(135,21): warning C4267: '초기화 중': 'size_t'에서 'int'(으)로 변환하면서 데이터가 손실될 수 있습니다.
  (소스 파일 '/CSoundMgr.cpp'을(를) 컴파일하는 중)
  
C:\Users\rlatj\OneDrive\바탕 화면\수업\시연회\API_프레임워크_시연_테라리아_김성용\DefaultWindow\CSoundMgr.cpp(155,17): warning C4244: '초기화 중': 'intptr_t'에서 'long'(으)로 변환하면서 데이터가 손실될 수 있습니다.
  (소스 파일 '/CSoundMgr.cpp'을(를) 컴파일하는 중)
  
C:\Users\rlatj\OneDrive\바탕 화면\수업\시연회\API_프레임워크_시연_테라리아_김성용\DefaultWindow\CSoundMgr.cpp(176,25): warning C4267: '초기화 중': 'size_t'에서 'int'(으)로 변환하면서 데이터가 손실될 수 있습니다.
  (소스 파일 '/CSoundMgr.cpp'을(를) 컴파일하는 중)
  
  CStats.cpp
C:\Users\rlatj\OneDrive\바탕 화면\수업\시연회\API_프레임워크_시연_테라리아_김성용\DefaultWindow\Define.h(60,2): warning C4091: 'typedef ': 변수를 선언하지 않으면 'Vector2D' 왼쪽은 무시됩니다.
  (소스 파일 '/CStats.cpp'을(를) 컴파일하는 중)
  
C:\Users\rlatj\OneDrive\바탕 화면\수업\시연회\API_프레임워크_시연_테라리아_김성용\DefaultWindow\CStats.cpp(75,122): warning C4244: '인수': 'float'에서 'int'(으)로 변환하면서 데이터가 손실될 수 있습니다.
  (소스 파일 '/CStats.cpp'을(를) 컴파일하는 중)
  
C:\Users\rlatj\OneDrive\바탕 화면\수업\시연회\API_프레임워크_시연_테라리아_김성용\DefaultWindow\CStats.cpp(75,106): warning C4244: '인수': 'float'에서 'int'(으)로 변환하면서 데이터가 손실될 수 있습니다.
  (소스 파일 '/CStats.cpp'을(를) 컴파일하는 중)
  
C:\Users\rlatj\OneDrive\바탕 화면\수업\시연회\API_프레임워크_시연_테라리아_김성용\DefaultWindow\CStats.cpp(75,80): warning C4244: '인수': 'float'에서 'int'(으)로 변환하면서 데이터가 손실될 수 있습니다.
  (소스 파일 '/CStats.cpp'을(를) 컴파일하는 중)
  
C:\Users\rlatj\OneDrive\바탕 화면\수업\시연회\API_프레임워크_시연_테라리아_김성용\DefaultWindow\CStats.cpp(75,62): warning C4244: '인수': 'float'에서 'int'(으)로 변환하면서 데이터가 손실될 수 있습니다.
  (소스 파일 '/CStats.cpp'을(를) 컴파일하는 중)
  
C:\Users\rlatj\OneDrive\바탕 화면\수업\시연회\API_프레임워크_시연_테라리아_김성용\DefaultWindow\CStats.cpp(87,136): warning C4244: '인수': 'float'에서 'int'(으)로 변환하면서 데이터가 손실될 수 있습니다.
  (소스 파일 '/CStats.cpp'을(를) 컴파일하는 중)
  
C:\Users\rlatj\OneDrive\바탕 화면\수업\시연회\API_프레임워크_시연_테라리아_김성용\DefaultWindow\CStats.cpp(87,120): warning C4244: '인수': 'float'에서 'int'(으)로 변환하면서 데이터가 손실될 수 있습니다.
  (소스 파일 '/CStats.cpp'을(를) 컴파일하는 중)
  
C:\Users\rlatj\OneDrive\바탕 화면\수업\시연회\API_프레임워크_시연_테라리아_김성용\DefaultWindow\CStats.cpp(87,94): warning C4244: '인수': 'float'에서 'int'(으)로 변환하면서 데이터가 손실될 수 있습니다.
  (소스 파일 '/CStats.cpp'을(를) 컴파일하는 중)
  
C:\Users\rlatj\OneDrive\바탕 화면\수업\시연회\API_프레임워크_시연_테라리아_김성용\DefaultWindow\CStats.cpp(87,76): warning C4244: '인수': 'float'에서 'int'(으)로 변환하면서 데이터가 손실될 수 있습니다.
  (소스 파일 '/CStats.cpp'을(를) 컴파일하는 중)
  
C:\Users\rlatj\OneDrive\바탕 화면\수업\시연회\API_프레임워크_시연_테라리아_김성용\DefaultWindow\CStats.cpp(97,134): warning C4244: '인수': 'float'에서 'int'(으)로 변환하면서 데이터가 손실될 수 있습니다.
  (소스 파일 '/CStats.cpp'을(를) 컴파일하는 중)
  
C:\Users\rlatj\OneDrive\바탕 화면\수업\시연회\API_프레임워크_시연_테라리아_김성용\DefaultWindow\CStats.cpp(97,118): warning C4244: '인수': 'float'에서 'int'(으)로 변환하면서 데이터가 손실될 수 있습니다.
  (소스 파일 '/CStats.cpp'을(를) 컴파일하는 중)
  
C:\Users\rlatj\OneDrive\바탕 화면\수업\시연회\API_프레임워크_시연_테라리아_김성용\DefaultWindow\CStats.cpp(97,92): warning C4244: '인수': 'float'에서 'int'(으)로 변환하면서 데이터가 손실될 수 있습니다.
  (소스 파일 '/CStats.cpp'을(를) 컴파일하는 중)
  
C:\Users\rlatj\OneDrive\바탕 화면\수업\시연회\API_프레임워크_시연_테라리아_김성용\DefaultWindow\CStats.cpp(97,75): warning C4244: '인수': 'float'에서 'int'(으)로 변환하면서 데이터가 손실될 수 있습니다.
  (소스 파일 '/CStats.cpp'을(를) 컴파일하는 중)
  
C:\Users\rlatj\OneDrive\바탕 화면\수업\시연회\API_프레임워크_시연_테라리아_김성용\DefaultWindow\CStats.cpp(109,61): warning C4244: '인수': 'float'에서 'int'(으)로 변환하면서 데이터가 손실될 수 있습니다.
  (소스 파일 '/CStats.cpp'을(를) 컴파일하는 중)
  
C:\Users\rlatj\OneDrive\바탕 화면\수업\시연회\API_프레임워크_시연_테라리아_김성용\DefaultWindow\CStats.cpp(109,38): warning C4244: '인수': 'float'에서 'int'(으)로 변환하면서 데이터가 손실될 수 있습니다.
  (소스 파일 '/CStats.cpp'을(를) 컴파일하는 중)
  
C:\Users\rlatj\OneDrive\바탕 화면\수업\시연회\API_프레임워크_시연_테라리아_김성용\DefaultWindow\CStats.cpp(117,131): warning C4244: '인수': 'float'에서 'int'(으)로 변환하면서 데이터가 손실될 수 있습니다.
  (소스 파일 '/CStats.cpp'을(를) 컴파일하는 중)
  
C:\Users\rlatj\OneDrive\바탕 화면\수업\시연회\API_프레임워크_시연_테라리아_김성용\DefaultWindow\CStats.cpp(117,100): warning C4244: '인수': 'float'에서 'int'(으)로 변환하면서 데이터가 손실될 수 있습니다.
  (소스 파일 '/CStats.cpp'을(를) 컴파일하는 중)
  
C:\Users\rlatj\OneDrive\바탕 화면\수업\시연회\API_프레임워크_시연_테라리아_김성용\DefaultWindow\CStats.cpp(117,61): warning C4244: '인수': 'float'에서 'int'(으)로 변환하면서 데이터가 손실될 수 있습니다.
  (소스 파일 '/CStats.cpp'을(를) 컴파일하는 중)
  
C:\Users\rlatj\OneDrive\바탕 화면\수업\시연회\API_프레임워크_시연_테라리아_김성용\DefaultWindow\CStats.cpp(117,34): warning C4244: '인수': 'float'에서 'int'(으)로 변환하면서 데이터가 손실될 수 있습니다.
  (소스 파일 '/CStats.cpp'을(를) 컴파일하는 중)
  
C:\Users\rlatj\OneDrive\바탕 화면\수업\시연회\API_프레임워크_시연_테라리아_김성용\DefaultWindow\CStats.cpp(137,62): warning C4244: '인수': 'float'에서 'int'(으)로 변환하면서 데이터가 손실될 수 있습니다.
  (소스 파일 '/CStats.cpp'을(를) 컴파일하는 중)
  
C:\Users\rlatj\OneDrive\바탕 화면\수업\시연회\API_프레임워크_시연_테라리아_김성용\DefaultWindow\CStats.cpp(152,62): warning C4244: '인수': 'float'에서 'int'(으)로 변환하면서 데이터가 손실될 수 있습니다.
  (소스 파일 '/CStats.cpp'을(를) 컴파일하는 중)
  
  CTileMgr.cpp
C:\Users\rlatj\OneDrive\바탕 화면\수업\시연회\API_프레임워크_시연_테라리아_김성용\DefaultWindow\define.h(60,2): warning C4091: 'typedef ': 변수를 선언하지 않으면 'Vector2D' 왼쪽은 무시됩니다.
  (소스 파일 '/CTileMgr.cpp'을(를) 컴파일하는 중)
  
C:\Users\rlatj\OneDrive\바탕 화면\수업\시연회\API_프레임워크_시연_테라리아_김성용\DefaultWindow\CTileMgr.cpp(335,6): warning C4244: '인수': 'float'에서 'int'(으)로 변환하면서 데이터가 손실될 수 있습니다.
  (소스 파일 '/CTileMgr.cpp'을(를) 컴파일하는 중)
  
C:\Users\rlatj\OneDrive\바탕 화면\수업\시연회\API_프레임워크_시연_테라리아_김성용\DefaultWindow\CTileMgr.cpp(334,6): warning C4244: '인수': 'float'에서 'int'(으)로 변환하면서 데이터가 손실될 수 있습니다.
  (소스 파일 '/CTileMgr.cpp'을(를) 컴파일하는 중)
  
C:\Users\rlatj\OneDrive\바탕 화면\수업\시연회\API_프레임워크_시연_테라리아_김성용\DefaultWindow\CTileMgr.cpp(330,19): warning C4244: '인수': 'float'에서 'int'(으)로 변환하면서 데이터가 손실될 수 있습니다.
  (소스 파일 '/CTileMgr.cpp'을(를) 컴파일하는 중)
  
C:\Users\rlatj\OneDrive\바탕 화면\수업\시연회\API_프레임워크_시연_테라리아_김성용\DefaultWindow\CTileMgr.cpp(329,41): warning C4244: '인수': 'float'에서 'int'(으)로 변환하면서 데이터가 손실될 수 있습니다.
  (소스 파일 '/CTileMgr.cpp'을(를) 컴파일하는 중)
  
C:\Users\rlatj\OneDrive\바탕 화면\수업\시연회\API_프레임워크_시연_테라리아_김성용\DefaultWindow\CTileMgr.cpp(342,18): warning C4244: '인수': 'float'에서 'int'(으)로 변환하면서 데이터가 손실될 수 있습니다.
  (소스 파일 '/CTileMgr.cpp'을(를) 컴파일하는 중)
  
C:\Users\rlatj\OneDrive\바탕 화면\수업\시연회\API_프레임워크_시연_테라리아_김성용\DefaultWindow\CTileMgr.cpp(341,40): warning C4244: '인수': 'float'에서 'int'(으)로 변환하면서 데이터가 손실될 수 있습니다.
  (소스 파일 '/CTileMgr.cpp'을(를) 컴파일하는 중)
  
C:\Users\rlatj\OneDrive\바탕 화면\수업\시연회\API_프레임워크_시연_테라리아_김성용\DefaultWindow\CTileMgr.cpp(354,24): warning C4244: '인수': 'float'에서 'int'(으)로 변환하면서 데이터가 손실될 수 있습니다.
  (소스 파일 '/CTileMgr.cpp'을(를) 컴파일하는 중)
  
C:\Users\rlatj\OneDrive\바탕 화면\수업\시연회\API_프레임워크_시연_테라리아_김성용\DefaultWindow\CTileMgr.cpp(353,46): warning C4244: '인수': 'float'에서 'int'(으)로 변환하면서 데이터가 손실될 수 있습니다.
  (소스 파일 '/CTileMgr.cpp'을(를) 컴파일하는 중)
  
C:\Users\rlatj\OneDrive\바탕 화면\수업\시연회\API_프레임워크_시연_테라리아_김성용\DefaultWindow\CTileMgr.cpp(367,19): warning C4244: '인수': 'float'에서 'int'(으)로 변환하면서 데이터가 손실될 수 있습니다.
  (소스 파일 '/CTileMgr.cpp'을(를) 컴파일하는 중)
  
C:\Users\rlatj\OneDrive\바탕 화면\수업\시연회\API_프레임워크_시연_테라리아_김성용\DefaultWindow\CTileMgr.cpp(366,41): warning C4244: '인수': 'float'에서 'int'(으)로 변환하면서 데이터가 손실될 수 있습니다.
  (소스 파일 '/CTileMgr.cpp'을(를) 컴파일하는 중)
  
C:\Users\rlatj\OneDrive\바탕 화면\수업\시연회\API_프레임워크_시연_테라리아_김성용\DefaultWindow\CTileMgr.cpp(379,35): warning C4244: '인수': 'float'에서 'int'(으)로 변환하면서 데이터가 손실될 수 있습니다.
  (소스 파일 '/CTileMgr.cpp'을(를) 컴파일하는 중)
  
C:\Users\rlatj\OneDrive\바탕 화면\수업\시연회\API_프레임워크_시연_테라리아_김성용\DefaultWindow\CTileMgr.cpp(378,42): warning C4244: '인수': 'float'에서 'int'(으)로 변환하면서 데이터가 손실될 수 있습니다.
  (소스 파일 '/CTileMgr.cpp'을(를) 컴파일하는 중)
  
C:\Users\rlatj\OneDrive\바탕 화면\수업\시연회\API_프레임워크_시연_테라리아_김성용\DefaultWindow\CTileMgr.cpp(396,6): warning C4244: '인수': 'float'에서 'int'(으)로 변환하면서 데이터가 손실될 수 있습니다.
  (소스 파일 '/CTileMgr.cpp'을(를) 컴파일하는 중)
  
C:\Users\rlatj\OneDrive\바탕 화면\수업\시연회\API_프레임워크_시연_테라리아_김성용\DefaultWindow\CTileMgr.cpp(395,6): warning C4244: '인수': 'float'에서 'int'(으)로 변환하면서 데이터가 손실될 수 있습니다.
  (소스 파일 '/CTileMgr.cpp'을(를) 컴파일하는 중)
  
C:\Users\rlatj\OneDrive\바탕 화면\수업\시연회\API_프레임워크_시연_테라리아_김성용\DefaultWindow\CTileMgr.cpp(391,19): warning C4244: '인수': 'float'에서 'int'(으)로 변환하면서 데이터가 손실될 수 있습니다.
  (소스 파일 '/CTileMgr.cpp'을(를) 컴파일하는 중)
  
C:\Users\rlatj\OneDrive\바탕 화면\수업\시연회\API_프레임워크_시연_테라리아_김성용\DefaultWindow\CTileMgr.cpp(390,41): warning C4244: '인수': 'float'에서 'int'(으)로 변환하면서 데이터가 손실될 수 있습니다.
  (소스 파일 '/CTileMgr.cpp'을(를) 컴파일하는 중)
  
C:\Users\rlatj\OneDrive\바탕 화면\수업\시연회\API_프레임워크_시연_테라리아_김성용\DefaultWindow\CTileMgr.cpp(416,26): warning C4244: '인수': 'float'에서 'int'(으)로 변환하면서 데이터가 손실될 수 있습니다.
  (소스 파일 '/CTileMgr.cpp'을(를) 컴파일하는 중)
  
C:\Users\rlatj\OneDrive\바탕 화면\수업\시연회\API_프레임워크_시연_테라리아_김성용\DefaultWindow\CTileMgr.cpp(415,48): warning C4244: '인수': 'float'에서 'int'(으)로 변환하면서 데이터가 손실될 수 있습니다.
  (소스 파일 '/CTileMgr.cpp'을(를) 컴파일하는 중)
  
C:\Users\rlatj\OneDrive\바탕 화면\수업\시연회\API_프레임워크_시연_테라리아_김성용\DefaultWindow\CTileMgr.cpp(869,10): warning C4244: '초기화 중': 'float'에서 'int'(으)로 변환하면서 데이터가 손실될 수 있습니다.
  (소스 파일 '/CTileMgr.cpp'을(를) 컴파일하는 중)
  
C:\Users\rlatj\OneDrive\바탕 화면\수업\시연회\API_프레임워크_시연_테라리아_김성용\DefaultWindow\CTileMgr.cpp(918,29): warning C4244: '=': 'int'에서 'float'(으)로 변환하면서 데이터가 손실될 수 있습니다.
  (소스 파일 '/CTileMgr.cpp'을(를) 컴파일하는 중)
  
C:\Users\rlatj\OneDrive\바탕 화면\수업\시연회\API_프레임워크_시연_테라리아_김성용\DefaultWindow\CTileMgr.cpp(932,29): warning C4244: '=': 'int'에서 'float'(으)로 변환하면서 데이터가 손실될 수 있습니다.
  (소스 파일 '/CTileMgr.cpp'을(를) 컴파일하는 중)
  
C:\Users\rlatj\OneDrive\바탕 화면\수업\시연회\API_프레임워크_시연_테라리아_김성용\DefaultWindow\CTileMgr.cpp(939,20): warning C4244: '초기화 중': 'int'에서 'float'(으)로 변환하면서 데이터가 손실될 수 있습니다.
  (소스 파일 '/CTileMgr.cpp'을(를) 컴파일하는 중)
  
C:\Users\rlatj\OneDrive\바탕 화면\수업\시연회\API_프레임워크_시연_테라리아_김성용\DefaultWindow\CTileMgr.cpp(940,21): warning C4244: '초기화 중': 'int'에서 'float'(으)로 변환하면서 데이터가 손실될 수 있습니다.
  (소스 파일 '/CTileMgr.cpp'을(를) 컴파일하는 중)
  
C:\Users\rlatj\OneDrive\바탕 화면\수업\시연회\API_프레임워크_시연_테라리아_김성용\DefaultWindow\CTileMgr.cpp(941,23): warning C4244: '초기화 중': 'int'에서 'float'(으)로 변환하면서 데이터가 손실될 수 있습니다.
  (소스 파일 '/CTileMgr.cpp'을(를) 컴파일하는 중)
  
C:\Users\rlatj\OneDrive\바탕 화면\수업\시연회\API_프레임워크_시연_테라리아_김성용\DefaultWindow\CTileMgr.cpp(942,22): warning C4244: '초기화 중': 'int'에서 'float'(으)로 변환하면서 데이터가 손실될 수 있습니다.
  (소스 파일 '/CTileMgr.cpp'을(를) 컴파일하는 중)
  
  DefaultWindow.cpp
C:\Users\rlatj\OneDrive\바탕 화면\수업\시연회\API_프레임워크_시연_테라리아_김성용\DefaultWindow\Define.h(60,2): warning C4091: 'typedef ': 변수를 선언하지 않으면 'Vector2D' 왼쪽은 무시됩니다.
  (소스 파일 '/DefaultWindow.cpp'을(를) 컴파일하는 중)
  
  MainGame.cpp
C:\Users\rlatj\OneDrive\바탕 화면\수업\시연회\API_프레임워크_시연_테라리아_김성용\DefaultWindow\Define.h(60,2): warning C4091: 'typedef ': 변수를 선언하지 않으면 'Vector2D' 왼쪽은 무시됩니다.
  (소스 파일 '/MainGame.cpp'을(를) 컴파일하는 중)
  
  Obj.cpp
C:\Users\rlatj\OneDrive\바탕 화면\수업\시연회\API_프레임워크_시연_테라리아_김성용\DefaultWindow\Define.h(60,2): warning C4091: 'typedef ': 변수를 선언하지 않으면 'Vector2D' 왼쪽은 무시됩니다.
  (소스 파일 '/Obj.cpp'을(를) 컴파일하는 중)
  
  Player.cpp
C:\Users\rlatj\OneDrive\바탕 화면\수업\시연회\API_프레임워크_시연_테라리아_김성용\DefaultWindow\Define.h(60,2): warning C4091: 'typedef ': 변수를 선언하지 않으면 'Vector2D' 왼쪽은 무시됩니다.
  (소스 파일 '/Player.cpp'을(를) 컴파일하는 중)
  
C:\Users\rlatj\OneDrive\바탕 화면\수업\시연회\API_프레임워크_시연_테라리아_김성용\DefaultWindow\Player.cpp(166,16): warning C4244: '인수': 'float'에서 'int'(으)로 변환하면서 데이터가 손실될 수 있습니다.
  (소스 파일 '/Player.cpp'을(를) 컴파일하는 중)
  
C:\Users\rlatj\OneDrive\바탕 화면\수업\시연회\API_프레임워크_시연_테라리아_김성용\DefaultWindow\Player.cpp(165,11): warning C4244: '인수': 'float'에서 'int'(으)로 변환하면서 데이터가 손실될 수 있습니다.
  (소스 파일 '/Player.cpp'을(를) 컴파일하는 중)
  
C:\Users\rlatj\OneDrive\바탕 화면\수업\시연회\API_프레임워크_시연_테라리아_김성용\DefaultWindow\Player.cpp(164,16): warning C4244: '인수': 'float'에서 'int'(으)로 변환하면서 데이터가 손실될 수 있습니다.
  (소스 파일 '/Player.cpp'을(를) 컴파일하는 중)
  
C:\Users\rlatj\OneDrive\바탕 화면\수업\시연회\API_프레임워크_시연_테라리아_김성용\DefaultWindow\Player.cpp(163,17): warning C4244: '인수': 'float'에서 'int'(으)로 변환하면서 데이터가 손실될 수 있습니다.
  (소스 파일 '/Player.cpp'을(를) 컴파일하는 중)
  
C:\Users\rlatj\OneDrive\바탕 화면\수업\시연회\API_프레임워크_시연_테라리아_김성용\DefaultWindow\Player.cpp(178,16): warning C4244: '인수': 'float'에서 'int'(으)로 변환하면서 데이터가 손실될 수 있습니다.
  (소스 파일 '/Player.cpp'을(를) 컴파일하는 중)
  
C:\Users\rlatj\OneDrive\바탕 화면\수업\시연회\API_프레임워크_시연_테라리아_김성용\DefaultWindow\Player.cpp(177,11): warning C4244: '인수': 'float'에서 'int'(으)로 변환하면서 데이터가 손실될 수 있습니다.
  (소스 파일 '/Player.cpp'을(를) 컴파일하는 중)
  
C:\Users\rlatj\OneDrive\바탕 화면\수업\시연회\API_프레임워크_시연_테라리아_김성용\DefaultWindow\Player.cpp(176,16): warning C4244: '인수': 'float'에서 'int'(으)로 변환하면서 데이터가 손실될 수 있습니다.
  (소스 파일 '/Player.cpp'을(를) 컴파일하는 중)
  
C:\Users\rlatj\OneDrive\바탕 화면\수업\시연회\API_프레임워크_시연_테라리아_김성용\DefaultWindow\Player.cpp(175,17): warning C4244: '인수': 'float'에서 'int'(으)로 변환하면서 데이터가 손실될 수 있습니다.
  (소스 파일 '/Player.cpp'을(를) 컴파일하는 중)
  
C:\Users\rlatj\OneDrive\바탕 화면\수업\시연회\API_프레임워크_시연_테라리아_김성용\DefaultWindow\Player.cpp(190,16): warning C4244: '인수': 'float'에서 'int'(으)로 변환하면서 데이터가 손실될 수 있습니다.
  (소스 파일 '/Player.cpp'을(를) 컴파일하는 중)
  
C:\Users\rlatj\OneDrive\바탕 화면\수업\시연회\API_프레임워크_시연_테라리아_김성용\DefaultWindow\Player.cpp(189,11): warning C4244: '인수': 'float'에서 'int'(으)로 변환하면서 데이터가 손실될 수 있습니다.
  (소스 파일 '/Player.cpp'을(를) 컴파일하는 중)
  
C:\Users\rlatj\OneDrive\바탕 화면\수업\시연회\API_프레임워크_시연_테라리아_김성용\DefaultWindow\Player.cpp(188,16): warning C4244: '인수': 'float'에서 'int'(으)로 변환하면서 데이터가 손실될 수 있습니다.
  (소스 파일 '/Player.cpp'을(를) 컴파일하는 중)
  
C:\Users\rlatj\OneDrive\바탕 화면\수업\시연회\API_프레임워크_시연_테라리아_김성용\DefaultWindow\Player.cpp(187,17): warning C4244: '인수': 'float'에서 'int'(으)로 변환하면서 데이터가 손실될 수 있습니다.
  (소스 파일 '/Player.cpp'을(를) 컴파일하는 중)
  
C:\Users\rlatj\OneDrive\바탕 화면\수업\시연회\API_프레임워크_시연_테라리아_김성용\DefaultWindow\Player.cpp(216,143): warning C4244: '인수': 'float'에서 'int'(으)로 변환하면서 데이터가 손실될 수 있습니다.
  (소스 파일 '/Player.cpp'을(를) 컴파일하는 중)
  
C:\Users\rlatj\OneDrive\바탕 화면\수업\시연회\API_프레임워크_시연_테라리아_김성용\DefaultWindow\Player.cpp(216,109): warning C4244: '인수': 'float'에서 'int'(으)로 변환하면서 데이터가 손실될 수 있습니다.
  (소스 파일 '/Player.cpp'을(를) 컴파일하는 중)
  
C:\Users\rlatj\OneDrive\바탕 화면\수업\시연회\API_프레임워크_시연_테라리아_김성용\DefaultWindow\Player.cpp(216,75): warning C4244: '인수': 'float'에서 'int'(으)로 변환하면서 데이터가 손실될 수 있습니다.
  (소스 파일 '/Player.cpp'을(를) 컴파일하는 중)
  
C:\Users\rlatj\OneDrive\바탕 화면\수업\시연회\API_프레임워크_시연_테라리아_김성용\DefaultWindow\Player.cpp(216,41): warning C4244: '인수': 'float'에서 'int'(으)로 변환하면서 데이터가 손실될 수 있습니다.
  (소스 파일 '/Player.cpp'을(를) 컴파일하는 중)
  
C:\Users\rlatj\OneDrive\바탕 화면\수업\시연회\API_프레임워크_시연_테라리아_김성용\DefaultWindow\Player.cpp(236,11): warning C4244: '-=': 'float'에서 'LONG'(으)로 변환하면서 데이터가 손실될 수 있습니다.
  (소스 파일 '/Player.cpp'을(를) 컴파일하는 중)
  
C:\Users\rlatj\OneDrive\바탕 화면\수업\시연회\API_프레임워크_시연_테라리아_김성용\DefaultWindow\Player.cpp(237,11): warning C4244: '-=': 'float'에서 'LONG'(으)로 변환하면서 데이터가 손실될 수 있습니다.
  (소스 파일 '/Player.cpp'을(를) 컴파일하는 중)
  
C:\Users\rlatj\OneDrive\바탕 화면\수업\시연회\API_프레임워크_시연_테라리아_김성용\DefaultWindow\Player.cpp(351,21): warning C4244: '인수': 'float'에서 'int'(으)로 변환하면서 데이터가 손실될 수 있습니다.
  (소스 파일 '/Player.cpp'을(를) 컴파일하는 중)
  
C:\Users\rlatj\OneDrive\바탕 화면\수업\시연회\API_프레임워크_시연_테라리아_김성용\DefaultWindow\Player.cpp(350,21): warning C4244: '인수': 'float'에서 'int'(으)로 변환하면서 데이터가 손실될 수 있습니다.
  (소스 파일 '/Player.cpp'을(를) 컴파일하는 중)
  
C:\Users\rlatj\OneDrive\바탕 화면\수업\시연회\API_프레임워크_시연_테라리아_김성용\DefaultWindow\Player.cpp(363,21): warning C4244: '인수': 'float'에서 'int'(으)로 변환하면서 데이터가 손실될 수 있습니다.
  (소스 파일 '/Player.cpp'을(를) 컴파일하는 중)
  
C:\Users\rlatj\OneDrive\바탕 화면\수업\시연회\API_프레임워크_시연_테라리아_김성용\DefaultWindow\Player.cpp(362,21): warning C4244: '인수': 'float'에서 'int'(으)로 변환하면서 데이터가 손실될 수 있습니다.
  (소스 파일 '/Player.cpp'을(를) 컴파일하는 중)
  
C:\Users\rlatj\OneDrive\바탕 화면\수업\시연회\API_프레임워크_시연_테라리아_김성용\DefaultWindow\Player.cpp(387,121): warning C4244: '인수': 'int'에서 'float'(으)로 변환하면서 데이터가 손실될 수 있습니다.
  (소스 파일 '/Player.cpp'을(를) 컴파일하는 중)
  
C:\Users\rlatj\OneDrive\바탕 화면\수업\시연회\API_프레임워크_시연_테라리아_김성용\DefaultWindow\Player.cpp(398,121): warning C4244: '인수': 'int'에서 'float'(으)로 변환하면서 데이터가 손실될 수 있습니다.
  (소스 파일 '/Player.cpp'을(를) 컴파일하는 중)
  
C:\Users\rlatj\OneDrive\바탕 화면\수업\시연회\API_프레임워크_시연_테라리아_김성용\DefaultWindow\Player.cpp(728,10): warning C4244: '-=': 'float'에서 'LONG'(으)로 변환하면서 데이터가 손실될 수 있습니다.
  (소스 파일 '/Player.cpp'을(를) 컴파일하는 중)
  
C:\Users\rlatj\OneDrive\바탕 화면\수업\시연회\API_프레임워크_시연_테라리아_김성용\DefaultWindow\Player.cpp(729,10): warning C4244: '-=': 'float'에서 'LONG'(으)로 변환하면서 데이터가 손실될 수 있습니다.
  (소스 파일 '/Player.cpp'을(를) 컴파일하는 중)
  
C:\Users\rlatj\OneDrive\바탕 화면\수업\시연회\API_프레임워크_시연_테라리아_김성용\DefaultWindow\Player.cpp(750,10): warning C4244: '-=': 'float'에서 'LONG'(으)로 변환하면서 데이터가 손실될 수 있습니다.
  (소스 파일 '/Player.cpp'을(를) 컴파일하는 중)
  
C:\Users\rlatj\OneDrive\바탕 화면\수업\시연회\API_프레임워크_시연_테라리아_김성용\DefaultWindow\Player.cpp(751,10): warning C4244: '-=': 'float'에서 'LONG'(으)로 변환하면서 데이터가 손실될 수 있습니다.
  (소스 파일 '/Player.cpp'을(를) 컴파일하는 중)
  
C:\Users\rlatj\OneDrive\바탕 화면\수업\시연회\API_프레임워크_시연_테라리아_김성용\DefaultWindow\Player.cpp(773,10): warning C4244: '-=': 'float'에서 'LONG'(으)로 변환하면서 데이터가 손실될 수 있습니다.
  (소스 파일 '/Player.cpp'을(를) 컴파일하는 중)
  
C:\Users\rlatj\OneDrive\바탕 화면\수업\시연회\API_프레임워크_시연_테라리아_김성용\DefaultWindow\Player.cpp(774,10): warning C4244: '-=': 'float'에서 'LONG'(으)로 변환하면서 데이터가 손실될 수 있습니다.
  (소스 파일 '/Player.cpp'을(를) 컴파일하는 중)
  
C:\Users\rlatj\OneDrive\바탕 화면\수업\시연회\API_프레임워크_시연_테라리아_김성용\DefaultWindow\Player.cpp(814,10): warning C4244: '-=': 'float'에서 'LONG'(으)로 변환하면서 데이터가 손실될 수 있습니다.
  (소스 파일 '/Player.cpp'을(를) 컴파일하는 중)
  
C:\Users\rlatj\OneDrive\바탕 화면\수업\시연회\API_프레임워크_시연_테라리아_김성용\DefaultWindow\Player.cpp(815,10): warning C4244: '-=': 'float'에서 'LONG'(으)로 변환하면서 데이터가 손실될 수 있습니다.
  (소스 파일 '/Player.cpp'을(를) 컴파일하는 중)
  
C:\Users\rlatj\OneDrive\바탕 화면\수업\시연회\API_프레임워크_시연_테라리아_김성용\DefaultWindow\Player.cpp(851,11): warning C4244: '-=': 'float'에서 'LONG'(으)로 변환하면서 데이터가 손실될 수 있습니다.
  (소스 파일 '/Player.cpp'을(를) 컴파일하는 중)
  
C:\Users\rlatj\OneDrive\바탕 화면\수업\시연회\API_프레임워크_시연_테라리아_김성용\DefaultWindow\Player.cpp(852,11): warning C4244: '-=': 'float'에서 'LONG'(으)로 변환하면서 데이터가 손실될 수 있습니다.
  (소스 파일 '/Player.cpp'을(를) 컴파일하는 중)
  
  코드를 생성하고 있습니다...
C:\Users\rlatj\OneDrive\바탕 화면\수업\시연회\API_프레임워크_시연_테라리아_김성용\DefaultWindow\CInvenMgr.h(56): warning C4715: 'CInvenMgr::Select_Quick': 모든 제어 경로에서 값을 반환하지는 않습니다.
C:\Users\rlatj\OneDrive\바탕 화면\수업\시연회\API_프레임워크_시연_테라리아_김성용\DefaultWindow\CTileMgr.cpp(126): warning C4715: 'CTileMgr::MakeTile': 모든 제어 경로에서 값을 반환하지는 않습니다.
  DefaultWindow.vcxproj -> C:\Users\rlatj\OneDrive\바탕 화면\수업\시연회\API_프레임워크_시연_테라리아_김성용\x64\Debug\DefaultWindow.exe
