c:\users\rlatj\onedrive\바탕 화면\수업\시연회\api_프레임워크_시연_테라리아_김성용\defaultwindow\x64\debug\defaultwindow.pch
c:\users\rlatj\onedrive\바탕 화면\수업\시연회\api_프레임워크_시연_테라리아_김성용\defaultwindow\x64\debug\vc143.pdb
c:\users\rlatj\onedrive\바탕 화면\수업\시연회\api_프레임워크_시연_테라리아_김성용\defaultwindow\x64\debug\vc143.idb
c:\users\rlatj\onedrive\바탕 화면\수업\시연회\api_프레임워크_시연_테라리아_김성용\defaultwindow\x64\debug\stdafx.obj
c:\users\rlatj\onedrive\바탕 화면\수업\시연회\api_프레임워크_시연_테라리아_김성용\defaultwindow\x64\debug\cexplosion.obj
c:\users\rlatj\onedrive\바탕 화면\수업\시연회\api_프레임워크_시연_테라리아_김성용\defaultwindow\x64\debug\cdynamiteman.obj
c:\users\rlatj\onedrive\바탕 화면\수업\시연회\api_프레임워크_시연_테라리아_김성용\defaultwindow\x64\debug\cmissile.obj
c:\users\rlatj\onedrive\바탕 화면\수업\시연회\api_프레임워크_시연_테라리아_김성용\defaultwindow\x64\debug\cmessage.obj
c:\users\rlatj\onedrive\바탕 화면\수업\시연회\api_프레임워크_시연_테라리아_김성용\defaultwindow\x64\debug\cmelee.obj
c:\users\rlatj\onedrive\바탕 화면\수업\시연회\api_프레임워크_시연_테라리아_김성용\defaultwindow\x64\debug\cmainmenu.obj
c:\users\rlatj\onedrive\바탕 화면\수업\시연회\api_프레임워크_시연_테라리아_김성용\defaultwindow\x64\debug\ckeymgr.obj
c:\users\rlatj\onedrive\바탕 화면\수업\시연회\api_프레임워크_시연_테라리아_김성용\defaultwindow\x64\debug\citem.obj
c:\users\rlatj\onedrive\바탕 화면\수업\시연회\api_프레임워크_시연_테라리아_김성용\defaultwindow\x64\debug\cinvenmgr.obj
c:\users\rlatj\onedrive\바탕 화면\수업\시연회\api_프레임워크_시연_테라리아_김성용\defaultwindow\x64\debug\cinven.obj
c:\users\rlatj\onedrive\바탕 화면\수업\시연회\api_프레임워크_시연_테라리아_김성용\defaultwindow\x64\debug\cingame.obj
c:\users\rlatj\onedrive\바탕 화면\수업\시연회\api_프레임워크_시연_테라리아_김성용\defaultwindow\x64\debug\cimagebutton.obj
c:\users\rlatj\onedrive\바탕 화면\수업\시연회\api_프레임워크_시연_테라리아_김성용\defaultwindow\x64\debug\cfunituremgr.obj
c:\users\rlatj\onedrive\바탕 화면\수업\시연회\api_프레임워크_시연_테라리아_김성용\defaultwindow\x64\debug\cfire.obj
c:\users\rlatj\onedrive\바탕 화면\수업\시연회\api_프레임워크_시연_테라리아_김성용\defaultwindow\x64\debug\cedit.obj
c:\users\rlatj\onedrive\바탕 화면\수업\시연회\api_프레임워크_시연_테라리아_김성용\defaultwindow\x64\debug\ccollisionmgr.obj
c:\users\rlatj\onedrive\바탕 화면\수업\시연회\api_프레임워크_시연_테라리아_김성용\defaultwindow\x64\debug\cbutton.obj
c:\users\rlatj\onedrive\바탕 화면\수업\시연회\api_프레임워크_시연_테라리아_김성용\defaultwindow\x64\debug\cboss.obj
c:\users\rlatj\onedrive\바탕 화면\수업\시연회\api_프레임워크_시연_테라리아_김성용\defaultwindow\x64\debug\cbomb.obj
c:\users\rlatj\onedrive\바탕 화면\수업\시연회\api_프레임워크_시연_테라리아_김성용\defaultwindow\x64\debug\cbmpmgr.obj
c:\users\rlatj\onedrive\바탕 화면\수업\시연회\api_프레임워크_시연_테라리아_김성용\defaultwindow\x64\debug\player.obj
c:\users\rlatj\onedrive\바탕 화면\수업\시연회\api_프레임워크_시연_테라리아_김성용\defaultwindow\x64\debug\obj.obj
c:\users\rlatj\onedrive\바탕 화면\수업\시연회\api_프레임워크_시연_테라리아_김성용\defaultwindow\x64\debug\maingame.obj
c:\users\rlatj\onedrive\바탕 화면\수업\시연회\api_프레임워크_시연_테라리아_김성용\defaultwindow\x64\debug\defaultwindow.obj
c:\users\rlatj\onedrive\바탕 화면\수업\시연회\api_프레임워크_시연_테라리아_김성용\defaultwindow\x64\debug\ctilemgr.obj
c:\users\rlatj\onedrive\바탕 화면\수업\시연회\api_프레임워크_시연_테라리아_김성용\defaultwindow\x64\debug\cstats.obj
c:\users\rlatj\onedrive\바탕 화면\수업\시연회\api_프레임워크_시연_테라리아_김성용\defaultwindow\x64\debug\csoundmgr.obj
c:\users\rlatj\onedrive\바탕 화면\수업\시연회\api_프레임워크_시연_테라리아_김성용\defaultwindow\x64\debug\cscrollmgr.obj
c:\users\rlatj\onedrive\바탕 화면\수업\시연회\api_프레임워크_시연_테라리아_김성용\defaultwindow\x64\debug\cscenemgr.obj
c:\users\rlatj\onedrive\바탕 화면\수업\시연회\api_프레임워크_시연_테라리아_김성용\defaultwindow\x64\debug\cscene.obj
c:\users\rlatj\onedrive\바탕 화면\수업\시연회\api_프레임워크_시연_테라리아_김성용\defaultwindow\x64\debug\cobjmgr.obj
c:\users\rlatj\onedrive\바탕 화면\수업\시연회\api_프레임워크_시연_테라리아_김성용\defaultwindow\x64\debug\cnumber.obj
c:\users\rlatj\onedrive\바탕 화면\수업\시연회\api_프레임워크_시연_테라리아_김성용\defaultwindow\x64\debug\cmybmp.obj
c:\users\rlatj\onedrive\바탕 화면\수업\시연회\api_프레임워크_시연_테라리아_김성용\defaultwindow\x64\debug\cmonster.obj
c:\users\rlatj\onedrive\바탕 화면\수업\시연회\api_프레임워크_시연_테라리아_김성용\defaultwindow\x64\debug\cefeect.obj
c:\users\rlatj\onedrive\바탕 화면\수업\시연회\api_프레임워크_시연_테라리아_김성용\x64\debug\defaultwindow.exe
c:\users\rlatj\onedrive\바탕 화면\수업\시연회\api_프레임워크_시연_테라리아_김성용\defaultwindow\x64\debug\defaultwindow.ilk
c:\users\rlatj\onedrive\바탕 화면\수업\시연회\api_프레임워크_시연_테라리아_김성용\x64\debug\defaultwindow.pdb
c:\users\rlatj\onedrive\바탕 화면\수업\시연회\api_프레임워크_시연_테라리아_김성용\defaultwindow\x64\debug\defaultwindow.res
c:\users\rlatj\onedrive\바탕 화면\수업\시연회\api_프레임워크_시연_테라리아_김성용\defaultwindow\x64\debug\cbomb.obj.enc
c:\users\rlatj\onedrive\바탕 화면\수업\시연회\api_프레임워크_시연_테라리아_김성용\defaultwindow\x64\debug\defaultwindow.tlog\cl.command.1.tlog
c:\users\rlatj\onedrive\바탕 화면\수업\시연회\api_프레임워크_시연_테라리아_김성용\defaultwindow\x64\debug\defaultwindow.tlog\cl.items.tlog
c:\users\rlatj\onedrive\바탕 화면\수업\시연회\api_프레임워크_시연_테라리아_김성용\defaultwindow\x64\debug\defaultwindow.tlog\cl.read.1.tlog
c:\users\rlatj\onedrive\바탕 화면\수업\시연회\api_프레임워크_시연_테라리아_김성용\defaultwindow\x64\debug\defaultwindow.tlog\cl.write.1.tlog
c:\users\rlatj\onedrive\바탕 화면\수업\시연회\api_프레임워크_시연_테라리아_김성용\defaultwindow\x64\debug\defaultwindow.tlog\link.command.1.tlog
c:\users\rlatj\onedrive\바탕 화면\수업\시연회\api_프레임워크_시연_테라리아_김성용\defaultwindow\x64\debug\defaultwindow.tlog\link.read.1.tlog
c:\users\rlatj\onedrive\바탕 화면\수업\시연회\api_프레임워크_시연_테라리아_김성용\defaultwindow\x64\debug\defaultwindow.tlog\link.write.1.tlog
c:\users\rlatj\onedrive\바탕 화면\수업\시연회\api_프레임워크_시연_테라리아_김성용\defaultwindow\x64\debug\defaultwindow.tlog\rc.command.1.tlog
c:\users\rlatj\onedrive\바탕 화면\수업\시연회\api_프레임워크_시연_테라리아_김성용\defaultwindow\x64\debug\defaultwindow.tlog\rc.read.1.tlog
c:\users\rlatj\onedrive\바탕 화면\수업\시연회\api_프레임워크_시연_테라리아_김성용\defaultwindow\x64\debug\defaultwindow.tlog\rc.write.1.tlog
