c:\users\rlatj\onedrive\바탕 화면\수업\시연회\api_프레임워크_시연_테라리아_김성용\defaultwindow\debug\defaultwindow.pch
c:\users\rlatj\onedrive\바탕 화면\수업\시연회\api_프레임워크_시연_테라리아_김성용\defaultwindow\debug\vc143.pdb
c:\users\rlatj\onedrive\바탕 화면\수업\시연회\api_프레임워크_시연_테라리아_김성용\defaultwindow\debug\vc143.idb
c:\users\rlatj\onedrive\바탕 화면\수업\시연회\api_프레임워크_시연_테라리아_김성용\defaultwindow\debug\stdafx.obj
c:\users\rlatj\onedrive\바탕 화면\수업\시연회\api_프레임워크_시연_테라리아_김성용\defaultwindow\debug\cmybmp.obj
c:\users\rlatj\onedrive\바탕 화면\수업\시연회\api_프레임워크_시연_테라리아_김성용\defaultwindow\debug\cmonster.obj
c:\users\rlatj\onedrive\바탕 화면\수업\시연회\api_프레임워크_시연_테라리아_김성용\defaultwindow\debug\cmissile.obj
c:\users\rlatj\onedrive\바탕 화면\수업\시연회\api_프레임워크_시연_테라리아_김성용\defaultwindow\debug\cmelee.obj
c:\users\rlatj\onedrive\바탕 화면\수업\시연회\api_프레임워크_시연_테라리아_김성용\defaultwindow\debug\cmainmenu.obj
c:\users\rlatj\onedrive\바탕 화면\수업\시연회\api_프레임워크_시연_테라리아_김성용\defaultwindow\debug\ckeymgr.obj
c:\users\rlatj\onedrive\바탕 화면\수업\시연회\api_프레임워크_시연_테라리아_김성용\defaultwindow\debug\citem.obj
c:\users\rlatj\onedrive\바탕 화면\수업\시연회\api_프레임워크_시연_테라리아_김성용\defaultwindow\debug\cinvenmgr.obj
c:\users\rlatj\onedrive\바탕 화면\수업\시연회\api_프레임워크_시연_테라리아_김성용\defaultwindow\debug\cinven.obj
c:\users\rlatj\onedrive\바탕 화면\수업\시연회\api_프레임워크_시연_테라리아_김성용\defaultwindow\debug\cingame.obj
c:\users\rlatj\onedrive\바탕 화면\수업\시연회\api_프레임워크_시연_테라리아_김성용\defaultwindow\debug\cimagebutton.obj
c:\users\rlatj\onedrive\바탕 화면\수업\시연회\api_프레임워크_시연_테라리아_김성용\defaultwindow\debug\cfire.obj
c:\users\rlatj\onedrive\바탕 화면\수업\시연회\api_프레임워크_시연_테라리아_김성용\defaultwindow\debug\cexplosion.obj
c:\users\rlatj\onedrive\바탕 화면\수업\시연회\api_프레임워크_시연_테라리아_김성용\defaultwindow\debug\cedit.obj
c:\users\rlatj\onedrive\바탕 화면\수업\시연회\api_프레임워크_시연_테라리아_김성용\defaultwindow\debug\cdynamiteman.obj
c:\users\rlatj\onedrive\바탕 화면\수업\시연회\api_프레임워크_시연_테라리아_김성용\defaultwindow\debug\ccollisionmgr.obj
c:\users\rlatj\onedrive\바탕 화면\수업\시연회\api_프레임워크_시연_테라리아_김성용\defaultwindow\debug\cbutton.obj
c:\users\rlatj\onedrive\바탕 화면\수업\시연회\api_프레임워크_시연_테라리아_김성용\defaultwindow\debug\cboss.obj
c:\users\rlatj\onedrive\바탕 화면\수업\시연회\api_프레임워크_시연_테라리아_김성용\defaultwindow\debug\cbomb.obj
c:\users\rlatj\onedrive\바탕 화면\수업\시연회\api_프레임워크_시연_테라리아_김성용\defaultwindow\debug\cbmpmgr.obj
c:\users\rlatj\onedrive\바탕 화면\수업\시연회\api_프레임워크_시연_테라리아_김성용\defaultwindow\debug\player.obj
c:\users\rlatj\onedrive\바탕 화면\수업\시연회\api_프레임워크_시연_테라리아_김성용\defaultwindow\debug\obj.obj
c:\users\rlatj\onedrive\바탕 화면\수업\시연회\api_프레임워크_시연_테라리아_김성용\defaultwindow\debug\maingame.obj
c:\users\rlatj\onedrive\바탕 화면\수업\시연회\api_프레임워크_시연_테라리아_김성용\defaultwindow\debug\defaultwindow.obj
c:\users\rlatj\onedrive\바탕 화면\수업\시연회\api_프레임워크_시연_테라리아_김성용\defaultwindow\debug\ctilemgr.obj
c:\users\rlatj\onedrive\바탕 화면\수업\시연회\api_프레임워크_시연_테라리아_김성용\defaultwindow\debug\cstats.obj
c:\users\rlatj\onedrive\바탕 화면\수업\시연회\api_프레임워크_시연_테라리아_김성용\defaultwindow\debug\csoundmgr.obj
c:\users\rlatj\onedrive\바탕 화면\수업\시연회\api_프레임워크_시연_테라리아_김성용\defaultwindow\debug\cscrollmgr.obj
c:\users\rlatj\onedrive\바탕 화면\수업\시연회\api_프레임워크_시연_테라리아_김성용\defaultwindow\debug\cscenemgr.obj
c:\users\rlatj\onedrive\바탕 화면\수업\시연회\api_프레임워크_시연_테라리아_김성용\defaultwindow\debug\cscene.obj
c:\users\rlatj\onedrive\바탕 화면\수업\시연회\api_프레임워크_시연_테라리아_김성용\defaultwindow\debug\cobjmgr.obj
c:\users\rlatj\onedrive\바탕 화면\수업\시연회\api_프레임워크_시연_테라리아_김성용\defaultwindow\debug\cnumber.obj
c:\users\rlatj\onedrive\바탕 화면\수업\시연회\api_프레임워크_시연_테라리아_김성용\defaultwindow\debug\defaultwindow.res
c:\users\rlatj\onedrive\바탕 화면\수업\시연회\api_프레임워크_시연_테라리아_김성용\debug\defaultwindow.pdb
c:\users\rlatj\onedrive\바탕 화면\수업\시연회\api_프레임워크_시연_테라리아_김성용\defaultwindow\debug\defaultwindow.tlog\cl.command.1.tlog
c:\users\rlatj\onedrive\바탕 화면\수업\시연회\api_프레임워크_시연_테라리아_김성용\defaultwindow\debug\defaultwindow.tlog\cl.read.1.tlog
c:\users\rlatj\onedrive\바탕 화면\수업\시연회\api_프레임워크_시연_테라리아_김성용\defaultwindow\debug\defaultwindow.tlog\cl.write.1.tlog
c:\users\rlatj\onedrive\바탕 화면\수업\시연회\api_프레임워크_시연_테라리아_김성용\defaultwindow\debug\defaultwindow.tlog\link-cvtres.read.1.tlog
c:\users\rlatj\onedrive\바탕 화면\수업\시연회\api_프레임워크_시연_테라리아_김성용\defaultwindow\debug\defaultwindow.tlog\link-cvtres.write.1.tlog
c:\users\rlatj\onedrive\바탕 화면\수업\시연회\api_프레임워크_시연_테라리아_김성용\defaultwindow\debug\defaultwindow.tlog\link-rc.read.1.tlog
c:\users\rlatj\onedrive\바탕 화면\수업\시연회\api_프레임워크_시연_테라리아_김성용\defaultwindow\debug\defaultwindow.tlog\link-rc.write.1.tlog
c:\users\rlatj\onedrive\바탕 화면\수업\시연회\api_프레임워크_시연_테라리아_김성용\defaultwindow\debug\defaultwindow.tlog\link.command.1.tlog
c:\users\rlatj\onedrive\바탕 화면\수업\시연회\api_프레임워크_시연_테라리아_김성용\defaultwindow\debug\defaultwindow.tlog\link.read.1.tlog
c:\users\rlatj\onedrive\바탕 화면\수업\시연회\api_프레임워크_시연_테라리아_김성용\defaultwindow\debug\defaultwindow.tlog\link.write.1.tlog
c:\users\rlatj\onedrive\바탕 화면\수업\시연회\api_프레임워크_시연_테라리아_김성용\defaultwindow\debug\defaultwindow.tlog\rc.command.1.tlog
c:\users\rlatj\onedrive\바탕 화면\수업\시연회\api_프레임워크_시연_테라리아_김성용\defaultwindow\debug\defaultwindow.tlog\rc.read.1.tlog
c:\users\rlatj\onedrive\바탕 화면\수업\시연회\api_프레임워크_시연_테라리아_김성용\defaultwindow\debug\defaultwindow.tlog\rc.write.1.tlog
